2026-03-02 16:38:36,459 - HTTP Request: HEAD https://huggingface.co/datasets/paws/sanskrit-verses-gretil/resolve/main/README.md "HTTP/1.1 307 Temporary Redirect"
2026-03-02 16:38:36,523 - HTTP Request: HEAD https://huggingface.co/api/resolve-cache/datasets/paws/sanskrit-verses-gretil/cccaab468cf4a329784ea2ccbfb45052c0e93258/README.md "HTTP/1.1 200 OK"
2026-03-02 16:38:36,847 - HTTP Request: HEAD https://huggingface.co/datasets/paws/sanskrit-verses-gretil/resolve/cccaab468cf4a329784ea2ccbfb45052c0e93258/sanskrit-verses-gretil.py "HTTP/1.1 404 Not Found"
2026-03-02 16:38:36,853 - Warning: You are sending unauthenticated requests to the HF Hub. Please set a HF_TOKEN to enable higher rate limits and faster downloads.
2026-03-02 16:38:37,833 - HTTP Request: HEAD https://s3.amazonaws.com/datasets.huggingface.co/datasets/datasets/paws/sanskrit-verses-gretil/paws/sanskrit-verses-gretil.py "HTTP/1.1 404 Not Found"
2026-03-02 16:38:38,402 - HTTP Request: GET https://huggingface.co/api/datasets/paws/sanskrit-verses-gretil/revision/cccaab468cf4a329784ea2ccbfb45052c0e93258 "HTTP/1.1 200 OK"
2026-03-02 16:38:38,844 - HTTP Request: HEAD https://huggingface.co/datasets/paws/sanskrit-verses-gretil/resolve/cccaab468cf4a329784ea2ccbfb45052c0e93258/.huggingface.yaml "HTTP/1.1 404 Not Found"
2026-03-02 16:38:39,292 - HTTP Request: GET https://datasets-server.huggingface.co/info?dataset=paws/sanskrit-verses-gretil "HTTP/1.1 200 OK"
2026-03-02 16:38:39,551 - HTTP Request: GET https://huggingface.co/api/datasets/paws/sanskrit-verses-gretil/tree/cccaab468cf4a329784ea2ccbfb45052c0e93258/data?recursive=true&expand=false "HTTP/1.1 200 OK"
2026-03-02 16:38:39,818 - HTTP Request: GET https://huggingface.co/api/datasets/paws/sanskrit-verses-gretil/tree/cccaab468cf4a329784ea2ccbfb45052c0e93258?recursive=false&expand=false "HTTP/1.1 200 OK"
2026-03-02 16:38:40,166 - HTTP Request: HEAD https://huggingface.co/datasets/paws/sanskrit-verses-gretil/resolve/cccaab468cf4a329784ea2ccbfb45052c0e93258/dataset_infos.json "HTTP/1.1 404 Not Found"
2026-03-02 16:38:48,144 - HTTP Request: HEAD https://huggingface.co/datasets/paws/sanskrit-verses-gretil/resolve/main/README.md "HTTP/1.1 307 Temporary Redirect"
2026-03-02 16:38:48,156 - HTTP Request: HEAD https://huggingface.co/api/resolve-cache/datasets/paws/sanskrit-verses-gretil/cccaab468cf4a329784ea2ccbfb45052c0e93258/README.md "HTTP/1.1 200 OK"
2026-03-02 16:38:48,383 - HTTP Request: HEAD https://huggingface.co/datasets/paws/sanskrit-verses-gretil/resolve/cccaab468cf4a329784ea2ccbfb45052c0e93258/sanskrit-verses-gretil.py "HTTP/1.1 404 Not Found"
2026-03-02 16:38:49,374 - HTTP Request: HEAD https://s3.amazonaws.com/datasets.huggingface.co/datasets/datasets/paws/sanskrit-verses-gretil/paws/sanskrit-verses-gretil.py "HTTP/1.1 404 Not Found"
2026-03-02 16:38:49,681 - HTTP Request: HEAD https://huggingface.co/datasets/paws/sanskrit-verses-gretil/resolve/cccaab468cf4a329784ea2ccbfb45052c0e93258/.huggingface.yaml "HTTP/1.1 404 Not Found"
2026-03-02 16:38:49,950 - HTTP Request: GET https://datasets-server.huggingface.co/info?dataset=paws/sanskrit-verses-gretil "HTTP/1.1 200 OK"
2026-03-02 16:38:50,293 - HTTP Request: HEAD https://huggingface.co/datasets/paws/sanskrit-verses-gretil/resolve/cccaab468cf4a329784ea2ccbfb45052c0e93258/dataset_infos.json "HTTP/1.1 404 Not Found"
2026-03-03 06:45:04,492 - HTTP Request: HEAD https://huggingface.co/datasets/paws/sanskrit-verses-gretil/resolve/main/README.md "HTTP/1.1 307 Temporary Redirect"
2026-03-03 06:45:04,502 - HTTP Request: HEAD https://huggingface.co/api/resolve-cache/datasets/paws/sanskrit-verses-gretil/cccaab468cf4a329784ea2ccbfb45052c0e93258/README.md "HTTP/1.1 200 OK"
2026-03-03 06:45:04,727 - HTTP Request: HEAD https://huggingface.co/datasets/paws/sanskrit-verses-gretil/resolve/cccaab468cf4a329784ea2ccbfb45052c0e93258/sanskrit-verses-gretil.py "HTTP/1.1 404 Not Found"
2026-03-03 06:45:05,394 - HTTP Request: HEAD https://s3.amazonaws.com/datasets.huggingface.co/datasets/datasets/paws/sanskrit-verses-gretil/paws/sanskrit-verses-gretil.py "HTTP/1.1 404 Not Found"
2026-03-03 06:45:05,660 - HTTP Request: GET https://huggingface.co/api/datasets/paws/sanskrit-verses-gretil/revision/cccaab468cf4a329784ea2ccbfb45052c0e93258 "HTTP/1.1 200 OK"
2026-03-03 06:45:05,886 - HTTP Request: HEAD https://huggingface.co/datasets/paws/sanskrit-verses-gretil/resolve/cccaab468cf4a329784ea2ccbfb45052c0e93258/.huggingface.yaml "HTTP/1.1 404 Not Found"
2026-03-03 06:45:06,201 - HTTP Request: GET https://datasets-server.huggingface.co/info?dataset=paws/sanskrit-verses-gretil "HTTP/1.1 200 OK"
2026-03-03 06:45:06,437 - HTTP Request: GET https://huggingface.co/api/datasets/paws/sanskrit-verses-gretil/tree/cccaab468cf4a329784ea2ccbfb45052c0e93258/data?recursive=true&expand=false "HTTP/1.1 200 OK"
2026-03-03 06:45:06,674 - HTTP Request: GET https://huggingface.co/api/datasets/paws/sanskrit-verses-gretil/tree/cccaab468cf4a329784ea2ccbfb45052c0e93258?recursive=false&expand=false "HTTP/1.1 200 OK"
2026-03-03 06:45:06,934 - HTTP Request: HEAD https://huggingface.co/datasets/paws/sanskrit-verses-gretil/resolve/cccaab468cf4a329784ea2ccbfb45052c0e93258/dataset_infos.json "HTTP/1.1 404 Not Found"
2026-03-03 08:05:40,923 - HTTP Request: HEAD https://huggingface.co/bert-base-multilingual-cased/resolve/main/config.json "HTTP/1.1 200 OK"
2026-03-03 08:05:41,213 - HTTP Request: HEAD https://huggingface.co/bert-base-multilingual-cased/resolve/main/tokenizer_config.json "HTTP/1.1 200 OK"
2026-03-03 08:05:41,520 - HTTP Request: GET https://huggingface.co/api/models/bert-base-multilingual-cased/tree/main/additional_chat_templates?recursive=false&expand=false "HTTP/1.1 307 Temporary Redirect"
2026-03-03 08:05:41,743 - HTTP Request: GET https://huggingface.co/api/models/google-bert/bert-base-multilingual-cased/tree/main/additional_chat_templates?recursive=false&expand=false "HTTP/1.1 404 Not Found"
2026-03-03 08:05:42,032 - HTTP Request: GET https://huggingface.co/api/models/bert-base-multilingual-cased/tree/main?recursive=true&expand=false "HTTP/1.1 307 Temporary Redirect"
2026-03-03 08:05:42,261 - HTTP Request: GET https://huggingface.co/api/models/google-bert/bert-base-multilingual-cased/tree/main?recursive=true&expand=false "HTTP/1.1 200 OK"
2026-03-03 08:05:42,655 - HTTP Request: GET https://huggingface.co/api/models/bert-base-multilingual-cased "HTTP/1.1 307 Temporary Redirect"
2026-03-03 08:05:42,887 - HTTP Request: GET https://huggingface.co/api/models/google-bert/bert-base-multilingual-cased "HTTP/1.1 200 OK"
2026-03-03 08:05:43,118 - HTTP Request: HEAD https://huggingface.co/bert-base-multilingual-cased/resolve/main/config.json "HTTP/1.1 200 OK"
2026-03-03 08:44:15,462 - HTTP Request: HEAD https://huggingface.co/bert-base-multilingual-cased/resolve/main/config.json "HTTP/1.1 200 OK"
2026-03-03 08:44:15,760 - HTTP Request: HEAD https://huggingface.co/bert-base-multilingual-cased/resolve/main/tokenizer_config.json "HTTP/1.1 200 OK"
2026-03-03 08:44:15,761 - Warning: You are sending unauthenticated requests to the HF Hub. Please set a HF_TOKEN to enable higher rate limits and faster downloads.
2026-03-03 08:44:16,101 - HTTP Request: GET https://huggingface.co/api/models/bert-base-multilingual-cased/tree/main/additional_chat_templates?recursive=false&expand=false "HTTP/1.1 307 Temporary Redirect"
2026-03-03 08:44:16,333 - HTTP Request: GET https://huggingface.co/api/models/google-bert/bert-base-multilingual-cased/tree/main/additional_chat_templates?recursive=false&expand=false "HTTP/1.1 404 Not Found"
2026-03-03 08:44:16,566 - HTTP Request: GET https://huggingface.co/api/models/bert-base-multilingual-cased/tree/main?recursive=true&expand=false "HTTP/1.1 307 Temporary Redirect"
2026-03-03 08:44:16,820 - HTTP Request: GET https://huggingface.co/api/models/google-bert/bert-base-multilingual-cased/tree/main?recursive=true&expand=false "HTTP/1.1 200 OK"
2026-03-03 08:44:17,227 - HTTP Request: GET https://huggingface.co/api/models/bert-base-multilingual-cased "HTTP/1.1 307 Temporary Redirect"
2026-03-03 08:44:17,536 - HTTP Request: GET https://huggingface.co/api/models/google-bert/bert-base-multilingual-cased "HTTP/1.1 200 OK"
2026-03-03 08:44:17,843 - HTTP Request: HEAD https://huggingface.co/bert-base-multilingual-cased/resolve/main/config.json "HTTP/1.1 200 OK"
2026-03-03 09:38:01,117 - HTTP Request: HEAD https://huggingface.co/bert-base-multilingual-cased/resolve/main/config.json "HTTP/1.1 200 OK"
2026-03-03 09:38:01,349 - HTTP Request: HEAD https://huggingface.co/bert-base-multilingual-cased/resolve/main/tokenizer_config.json "HTTP/1.1 200 OK"
2026-03-03 09:38:01,585 - HTTP Request: GET https://huggingface.co/api/models/bert-base-multilingual-cased/tree/main/additional_chat_templates?recursive=false&expand=false "HTTP/1.1 307 Temporary Redirect"
2026-03-03 09:38:01,816 - HTTP Request: GET https://huggingface.co/api/models/google-bert/bert-base-multilingual-cased/tree/main/additional_chat_templates?recursive=false&expand=false "HTTP/1.1 404 Not Found"
2026-03-03 09:38:02,049 - HTTP Request: GET https://huggingface.co/api/models/bert-base-multilingual-cased/tree/main?recursive=true&expand=false "HTTP/1.1 307 Temporary Redirect"
2026-03-03 09:38:02,282 - HTTP Request: GET https://huggingface.co/api/models/google-bert/bert-base-multilingual-cased/tree/main?recursive=true&expand=false "HTTP/1.1 200 OK"
2026-03-03 09:38:02,719 - HTTP Request: GET https://huggingface.co/api/models/bert-base-multilingual-cased "HTTP/1.1 307 Temporary Redirect"
2026-03-03 09:38:02,968 - HTTP Request: GET https://huggingface.co/api/models/google-bert/bert-base-multilingual-cased "HTTP/1.1 200 OK"
2026-03-03 09:38:03,202 - HTTP Request: HEAD https://huggingface.co/bert-base-multilingual-cased/resolve/main/config.json "HTTP/1.1 200 OK"
2026-03-03 10:29:56,940 - HTTP Request: HEAD https://huggingface.co/bert-base-multilingual-cased/resolve/main/config.json "HTTP/1.1 200 OK"
2026-03-03 10:29:57,202 - HTTP Request: HEAD https://huggingface.co/bert-base-multilingual-cased/resolve/main/tokenizer_config.json "HTTP/1.1 200 OK"
2026-03-03 10:29:57,431 - HTTP Request: GET https://huggingface.co/api/models/bert-base-multilingual-cased/tree/main/additional_chat_templates?recursive=false&expand=false "HTTP/1.1 307 Temporary Redirect"
2026-03-03 10:29:57,764 - HTTP Request: GET https://huggingface.co/api/models/google-bert/bert-base-multilingual-cased/tree/main/additional_chat_templates?recursive=false&expand=false "HTTP/1.1 404 Not Found"
2026-03-03 10:29:58,000 - HTTP Request: GET https://huggingface.co/api/models/bert-base-multilingual-cased/tree/main?recursive=true&expand=false "HTTP/1.1 307 Temporary Redirect"
2026-03-03 10:29:58,276 - HTTP Request: GET https://huggingface.co/api/models/google-bert/bert-base-multilingual-cased/tree/main?recursive=true&expand=false "HTTP/1.1 200 OK"
2026-03-03 10:29:58,672 - HTTP Request: GET https://huggingface.co/api/models/bert-base-multilingual-cased "HTTP/1.1 307 Temporary Redirect"
2026-03-03 10:29:58,914 - HTTP Request: GET https://huggingface.co/api/models/google-bert/bert-base-multilingual-cased "HTTP/1.1 200 OK"
2026-03-03 10:29:59,174 - HTTP Request: HEAD https://huggingface.co/bert-base-multilingual-cased/resolve/main/config.json "HTTP/1.1 200 OK"
2026-03-03 11:25:36,406 - HTTP Request: HEAD https://huggingface.co/bert-base-multilingual-cased/resolve/main/config.json "HTTP/1.1 200 OK"
2026-03-03 11:25:36,644 - HTTP Request: HEAD https://huggingface.co/bert-base-multilingual-cased/resolve/main/tokenizer_config.json "HTTP/1.1 200 OK"
2026-03-03 11:25:36,874 - HTTP Request: GET https://huggingface.co/api/models/bert-base-multilingual-cased/tree/main/additional_chat_templates?recursive=false&expand=false "HTTP/1.1 307 Temporary Redirect"
2026-03-03 11:25:37,101 - HTTP Request: GET https://huggingface.co/api/models/google-bert/bert-base-multilingual-cased/tree/main/additional_chat_templates?recursive=false&expand=false "HTTP/1.1 404 Not Found"
2026-03-03 11:25:37,327 - HTTP Request: GET https://huggingface.co/api/models/bert-base-multilingual-cased/tree/main?recursive=true&expand=false "HTTP/1.1 307 Temporary Redirect"
2026-03-03 11:25:37,557 - HTTP Request: GET https://huggingface.co/api/models/google-bert/bert-base-multilingual-cased/tree/main?recursive=true&expand=false "HTTP/1.1 200 OK"
2026-03-03 11:25:38,289 - HTTP Request: GET https://huggingface.co/api/models/bert-base-multilingual-cased "HTTP/1.1 307 Temporary Redirect"
2026-03-03 11:25:38,587 - HTTP Request: GET https://huggingface.co/api/models/google-bert/bert-base-multilingual-cased "HTTP/1.1 200 OK"
2026-03-03 11:25:38,862 - HTTP Request: HEAD https://huggingface.co/bert-base-multilingual-cased/resolve/main/config.json "HTTP/1.1 200 OK"
2026-03-03 12:15:51,126 - HTTP Request: HEAD https://huggingface.co/bert-base-multilingual-cased/resolve/main/config.json "HTTP/1.1 200 OK"
2026-03-03 12:15:51,369 - HTTP Request: HEAD https://huggingface.co/bert-base-multilingual-cased/resolve/main/tokenizer_config.json "HTTP/1.1 200 OK"
2026-03-03 12:15:51,601 - HTTP Request: GET https://huggingface.co/api/models/bert-base-multilingual-cased/tree/main/additional_chat_templates?recursive=false&expand=false "HTTP/1.1 307 Temporary Redirect"
2026-03-03 12:15:51,840 - HTTP Request: GET https://huggingface.co/api/models/google-bert/bert-base-multilingual-cased/tree/main/additional_chat_templates?recursive=false&expand=false "HTTP/1.1 404 Not Found"
2026-03-03 12:15:52,079 - HTTP Request: GET https://huggingface.co/api/models/bert-base-multilingual-cased/tree/main?recursive=true&expand=false "HTTP/1.1 307 Temporary Redirect"
2026-03-03 12:15:52,306 - HTTP Request: GET https://huggingface.co/api/models/google-bert/bert-base-multilingual-cased/tree/main?recursive=true&expand=false "HTTP/1.1 200 OK"
2026-03-03 12:15:52,913 - HTTP Request: GET https://huggingface.co/api/models/bert-base-multilingual-cased "HTTP/1.1 307 Temporary Redirect"
2026-03-03 12:15:53,147 - HTTP Request: GET https://huggingface.co/api/models/google-bert/bert-base-multilingual-cased "HTTP/1.1 200 OK"
2026-03-03 12:15:53,374 - HTTP Request: HEAD https://huggingface.co/bert-base-multilingual-cased/resolve/main/config.json "HTTP/1.1 200 OK"
2026-03-03 13:00:23,031 - HTTP Request: HEAD https://huggingface.co/bert-base-multilingual-cased/resolve/main/config.json "HTTP/1.1 200 OK"
2026-03-03 13:00:23,382 - HTTP Request: HEAD https://huggingface.co/bert-base-multilingual-cased/resolve/main/tokenizer_config.json "HTTP/1.1 200 OK"
2026-03-03 13:00:23,717 - HTTP Request: GET https://huggingface.co/api/models/bert-base-multilingual-cased/tree/main/additional_chat_templates?recursive=false&expand=false "HTTP/1.1 307 Temporary Redirect"
2026-03-03 13:00:24,045 - HTTP Request: GET https://huggingface.co/api/models/google-bert/bert-base-multilingual-cased/tree/main/additional_chat_templates?recursive=false&expand=false "HTTP/1.1 404 Not Found"
2026-03-03 13:00:24,375 - HTTP Request: GET https://huggingface.co/api/models/bert-base-multilingual-cased/tree/main?recursive=true&expand=false "HTTP/1.1 307 Temporary Redirect"
2026-03-03 13:00:24,717 - HTTP Request: GET https://huggingface.co/api/models/google-bert/bert-base-multilingual-cased/tree/main?recursive=true&expand=false "HTTP/1.1 200 OK"
2026-03-03 13:00:25,281 - HTTP Request: GET https://huggingface.co/api/models/bert-base-multilingual-cased "HTTP/1.1 307 Temporary Redirect"
2026-03-03 13:00:25,619 - HTTP Request: GET https://huggingface.co/api/models/google-bert/bert-base-multilingual-cased "HTTP/1.1 200 OK"
2026-03-03 13:00:25,957 - HTTP Request: HEAD https://huggingface.co/bert-base-multilingual-cased/resolve/main/config.json "HTTP/1.1 200 OK"
2026-03-03 13:58:24,826 - HTTP Request: HEAD https://huggingface.co/datasets/paws/sanskrit-verses-gretil/resolve/main/README.md "HTTP/1.1 307 Temporary Redirect"
2026-03-03 13:58:24,836 - HTTP Request: HEAD https://huggingface.co/api/resolve-cache/datasets/paws/sanskrit-verses-gretil/cccaab468cf4a329784ea2ccbfb45052c0e93258/README.md "HTTP/1.1 200 OK"
2026-03-03 13:58:25,061 - HTTP Request: HEAD https://huggingface.co/datasets/paws/sanskrit-verses-gretil/resolve/cccaab468cf4a329784ea2ccbfb45052c0e93258/sanskrit-verses-gretil.py "HTTP/1.1 404 Not Found"
2026-03-03 13:58:25,918 - HTTP Request: HEAD https://s3.amazonaws.com/datasets.huggingface.co/datasets/datasets/paws/sanskrit-verses-gretil/paws/sanskrit-verses-gretil.py "HTTP/1.1 404 Not Found"
2026-03-03 13:58:26,150 - HTTP Request: GET https://huggingface.co/api/datasets/paws/sanskrit-verses-gretil/revision/cccaab468cf4a329784ea2ccbfb45052c0e93258 "HTTP/1.1 200 OK"
2026-03-03 13:58:26,374 - HTTP Request: HEAD https://huggingface.co/datasets/paws/sanskrit-verses-gretil/resolve/cccaab468cf4a329784ea2ccbfb45052c0e93258/.huggingface.yaml "HTTP/1.1 404 Not Found"
2026-03-03 13:58:26,699 - HTTP Request: GET https://datasets-server.huggingface.co/info?dataset=paws/sanskrit-verses-gretil "HTTP/1.1 200 OK"
2026-03-03 13:58:26,932 - HTTP Request: GET https://huggingface.co/api/datasets/paws/sanskrit-verses-gretil/tree/cccaab468cf4a329784ea2ccbfb45052c0e93258/data?recursive=true&expand=false "HTTP/1.1 200 OK"
2026-03-03 13:58:27,157 - HTTP Request: GET https://huggingface.co/api/datasets/paws/sanskrit-verses-gretil/tree/cccaab468cf4a329784ea2ccbfb45052c0e93258?recursive=false&expand=false "HTTP/1.1 200 OK"
2026-03-03 13:58:27,393 - HTTP Request: HEAD https://huggingface.co/datasets/paws/sanskrit-verses-gretil/resolve/cccaab468cf4a329784ea2ccbfb45052c0e93258/dataset_infos.json "HTTP/1.1 404 Not Found"
