2026-03-06 21:24:42,000  🚀  model=d3pm_cross_attention  T=128  task=quote_text→quote_devanagari  src_vocab=16000  tgt_vocab=16000
2026-03-06 21:24:42,264  HTTP Request: HEAD https://huggingface.co/datasets/paws/sanskrit-verses-gretil/resolve/main/README.md "HTTP/1.1 307 Temporary Redirect"
2026-03-06 21:24:42,274  HTTP Request: HEAD https://huggingface.co/api/resolve-cache/datasets/paws/sanskrit-verses-gretil/cccaab468cf4a329784ea2ccbfb45052c0e93258/README.md "HTTP/1.1 200 OK"
2026-03-06 21:24:42,507  HTTP Request: HEAD https://huggingface.co/datasets/paws/sanskrit-verses-gretil/resolve/cccaab468cf4a329784ea2ccbfb45052c0e93258/sanskrit-verses-gretil.py "HTTP/1.1 404 Not Found"
2026-03-06 21:24:42,508  Warning: You are sending unauthenticated requests to the HF Hub. Please set a HF_TOKEN to enable higher rate limits and faster downloads.
2026-03-06 21:24:43,186  HTTP Request: HEAD https://s3.amazonaws.com/datasets.huggingface.co/datasets/datasets/paws/sanskrit-verses-gretil/paws/sanskrit-verses-gretil.py "HTTP/1.1 404 Not Found"
2026-03-06 21:24:43,464  HTTP Request: GET https://huggingface.co/api/datasets/paws/sanskrit-verses-gretil/revision/cccaab468cf4a329784ea2ccbfb45052c0e93258 "HTTP/1.1 200 OK"
2026-03-06 21:24:43,771  HTTP Request: HEAD https://huggingface.co/datasets/paws/sanskrit-verses-gretil/resolve/cccaab468cf4a329784ea2ccbfb45052c0e93258/.huggingface.yaml "HTTP/1.1 404 Not Found"
2026-03-06 21:24:44,102  HTTP Request: GET https://datasets-server.huggingface.co/info?dataset=paws/sanskrit-verses-gretil "HTTP/1.1 200 OK"
2026-03-06 21:24:44,344  HTTP Request: GET https://huggingface.co/api/datasets/paws/sanskrit-verses-gretil/tree/cccaab468cf4a329784ea2ccbfb45052c0e93258/data?recursive=true&expand=false "HTTP/1.1 200 OK"
2026-03-06 21:24:44,693  HTTP Request: GET https://huggingface.co/api/datasets/paws/sanskrit-verses-gretil/tree/cccaab468cf4a329784ea2ccbfb45052c0e93258?recursive=false&expand=false "HTTP/1.1 200 OK"
2026-03-06 21:24:45,001  HTTP Request: HEAD https://huggingface.co/datasets/paws/sanskrit-verses-gretil/resolve/cccaab468cf4a329784ea2ccbfb45052c0e93258/dataset_infos.json "HTTP/1.1 404 Not Found"
2026-03-06 22:20:55,362  HTTP Request: HEAD https://huggingface.co/bert-base-multilingual-cased/resolve/main/config.json "HTTP/1.1 200 OK"
2026-03-06 22:20:55,635  HTTP Request: HEAD https://huggingface.co/bert-base-multilingual-cased/resolve/main/tokenizer_config.json "HTTP/1.1 200 OK"
2026-03-06 22:20:55,969  HTTP Request: GET https://huggingface.co/api/models/bert-base-multilingual-cased/tree/main/additional_chat_templates?recursive=false&expand=false "HTTP/1.1 307 Temporary Redirect"
2026-03-06 22:20:56,219  HTTP Request: GET https://huggingface.co/api/models/google-bert/bert-base-multilingual-cased/tree/main/additional_chat_templates?recursive=false&expand=false "HTTP/1.1 404 Not Found"
2026-03-06 22:20:56,467  HTTP Request: GET https://huggingface.co/api/models/bert-base-multilingual-cased/tree/main?recursive=true&expand=false "HTTP/1.1 307 Temporary Redirect"
2026-03-06 22:20:56,768  HTTP Request: GET https://huggingface.co/api/models/google-bert/bert-base-multilingual-cased/tree/main?recursive=true&expand=false "HTTP/1.1 200 OK"
2026-03-06 22:20:57,285  HTTP Request: GET https://huggingface.co/api/models/bert-base-multilingual-cased "HTTP/1.1 307 Temporary Redirect"
2026-03-06 22:20:57,533  HTTP Request: GET https://huggingface.co/api/models/google-bert/bert-base-multilingual-cased "HTTP/1.1 200 OK"
2026-03-06 22:20:57,789  HTTP Request: HEAD https://huggingface.co/bert-base-multilingual-cased/resolve/main/config.json "HTTP/1.1 200 OK"
2026-03-06 22:21:01,318  Ep 01  train=57.6805  val=25.3237  bert=0.5998  lr=5.83e-05
2026-03-06 22:21:03,886  ────────────────────────────────────────────────────────────────────────
2026-03-06 22:21:03,886    📝  VALIDATION SAMPLES   (Roman Sanskrit → Devanagari)
2026-03-06 22:21:03,887    [1] INPUT (Roman)      : baler atulavīryasya siṃhāsanagatasya vai //
2026-03-06 22:21:03,887         REF  (Devanagari)  : बले र् अ तुल वीर्य स्य सिंहा सन गतस्य वै ॥
2026-03-06 22:21:03,887         PRED (Devanagari)  : चण्ड चण्ड याच चण्ड माण याच याच ॥ शोशु̍ याच याच माण याच माण माण माण माण मुक्तं माण माण माण माण ॥ दोद्
2026-03-06 22:21:03,887    [2] INPUT (Roman)      : iti stutvā jagannātham uvāca munisattamān /
2026-03-06 22:21:03,887         REF  (Devanagari)  : इति स्तुत्वा जगन्नाथ म् उवाच मुनि सत्त मान् ।
2026-03-06 22:21:03,887         PRED (Devanagari)  : याच चण्ड चण्ड याच माण याच याच । याच । । । माण माण अस्ति माण माण याच माण चण्ड माण । । अत̍ चण्ड । । मा
2026-03-06 22:21:03,887  ────────────────────────────────────────────────────────────────────────
2026-03-06 22:21:05,686     ✅ New best: 0.5998
2026-03-06 23:18:36,509  Ep 02  train=24.6154  val=14.5793  bert=0.6359  lr=6.97e-05
2026-03-06 23:18:38,682  ────────────────────────────────────────────────────────────────────────
2026-03-06 23:18:38,682    📝  VALIDATION SAMPLES   (Roman Sanskrit → Devanagari)
2026-03-06 23:18:38,683    [1] INPUT (Roman)      : baler atulavīryasya siṃhāsanagatasya vai //
2026-03-06 23:18:38,683         REF  (Devanagari)  : बले र् अ तुल वीर्य स्य सिंहा सन गतस्य वै ॥
2026-03-06 23:18:38,683         PRED (Devanagari)  : कृपणं तन्त्रा क्षणेन दर् यां समप्रभम् स्थाली संयोग शश मानसो । र्यु नभस्त र̱श्मि शो प्रय ककु व्रीहि अ
2026-03-06 23:18:38,683    [2] INPUT (Roman)      : iti stutvā jagannātham uvāca munisattamān /
2026-03-06 23:18:38,683         REF  (Devanagari)  : इति स्तुत्वा जगन्नाथ म् उवाच मुनि सत्त मान् ।
2026-03-06 23:18:38,683         PRED (Devanagari)  : णि̍ शत्रू तद्वद् द्भव ठ ज्ञ विशेषे कृपणं याच । । । द्धू सरतां जगन्नाथः मधु नवी शश स्ने आशा विभ प्रशम
2026-03-06 23:18:38,683  ────────────────────────────────────────────────────────────────────────
2026-03-06 23:18:40,298     ✅ New best: 0.6359
2026-03-07 00:15:44,800  Ep 03  train=14.7897  val=9.3342  bert=0.6391  lr=6.84e-05
2026-03-07 00:15:46,871  ────────────────────────────────────────────────────────────────────────
2026-03-07 00:15:46,871    📝  VALIDATION SAMPLES   (Roman Sanskrit → Devanagari)
2026-03-07 00:15:46,873    [1] INPUT (Roman)      : baler atulavīryasya siṃhāsanagatasya vai //
2026-03-07 00:15:46,873         REF  (Devanagari)  : बले र् अ तुल वीर्य स्य सिंहा सन गतस्य वै ॥
2026-03-07 00:15:46,873         PRED (Devanagari)  : जम्भ ज्ये गृण स्तस्य इन्द्रेण क्रोधो प्रय ठ । च̍ वाणी भृशं वत् समप्रभम् लक्ष्म्या गू सु̱ माल्य इन्द्
2026-03-07 00:15:46,874    [2] INPUT (Roman)      : iti stutvā jagannātham uvāca munisattamān /
2026-03-07 00:15:46,874         REF  (Devanagari)  : इति स्तुत्वा जगन्नाथ म् उवाच मुनि सत्त मान् ।
2026-03-07 00:15:46,874         PRED (Devanagari)  : गणा जार कृपणं जगन्नाथः म् इतो लक्ष्म्या मान् यां । । । प्रय शत्रू शत्रू प्रशम मधू वर्जं क्षणेन स्ने 
2026-03-07 00:15:46,874  ────────────────────────────────────────────────────────────────────────
2026-03-07 00:15:48,626     ✅ New best: 0.6391
2026-03-07 01:12:40,581  Ep 04  train=10.6791  val=6.2087  bert=0.6533  lr=6.62e-05
2026-03-07 01:12:42,667  ────────────────────────────────────────────────────────────────────────
2026-03-07 01:12:42,668    📝  VALIDATION SAMPLES   (Roman Sanskrit → Devanagari)
2026-03-07 01:12:42,670    [1] INPUT (Roman)      : baler atulavīryasya siṃhāsanagatasya vai //
2026-03-07 01:12:42,670         REF  (Devanagari)  : बले र् अ तुल वीर्य स्य सिंहा सन गतस्य वै ॥
2026-03-07 01:12:42,670         PRED (Devanagari)  : लक्ष्म्या त्मज जम्भ वयं यथान्यायं सौगतं त् विद्वान् वे असुर । र् बि दूरात् स्तस्य पावक यां राट् शुश्
2026-03-07 01:12:42,670    [2] INPUT (Roman)      : iti stutvā jagannātham uvāca munisattamān /
2026-03-07 01:12:42,670         REF  (Devanagari)  : इति स्तुत्वा जगन्नाथ म् उवाच मुनि सत्त मान् ।
2026-03-07 01:12:42,670         PRED (Devanagari)  : पृच्छे । न्यसे संयोग कृष्णा सुराणाम् धूत मुहूर् ज्ये । । लाभि ताम् ग्न उद् जगन्नाथः सिन्ध सत्व लक्ष्
2026-03-07 01:12:42,670  ────────────────────────────────────────────────────────────────────────
2026-03-07 01:12:44,317     ✅ New best: 0.6533
2026-03-07 02:08:35,773  Ep 05  train=8.5421  val=4.4205  bert=0.6713  lr=6.32e-05
2026-03-07 02:08:37,850  ────────────────────────────────────────────────────────────────────────
2026-03-07 02:08:37,850    📝  VALIDATION SAMPLES   (Roman Sanskrit → Devanagari)
2026-03-07 02:08:37,852    [1] INPUT (Roman)      : baler atulavīryasya siṃhāsanagatasya vai //
2026-03-07 02:08:37,852         REF  (Devanagari)  : बले र् अ तुल वीर्य स्य सिंहा सन गतस्य वै ॥
2026-03-07 02:08:37,852         PRED (Devanagari)  : समप्रभम् इन्द्र विद्वान् श्म । अ र् त क्षय त्रिदश कर्ण ददौ । मन्यते या वार् जगाद न्त ै निवर्त ज्ये ज
2026-03-07 02:08:37,852    [2] INPUT (Roman)      : iti stutvā jagannātham uvāca munisattamān /
2026-03-07 02:08:37,853         REF  (Devanagari)  : इति स्तुत्वा जगन्नाथ म् उवाच मुनि सत्त मान् ।
2026-03-07 02:08:37,853         PRED (Devanagari)  : वृ शङ् नरक अध असुर ददर्श वत् बर । संयोग ङ्गुष्ठ ान्ता मुनि । क्र सर्वेषां मान् अणि यां नैक वर्तते हि
2026-03-07 02:08:37,853  ────────────────────────────────────────────────────────────────────────
2026-03-07 02:08:39,646     ✅ New best: 0.6713
2026-03-07 03:04:23,329  Ep 06  train=6.6783  val=3.1583  bert=0.6951  lr=5.93e-05
2026-03-07 03:04:25,400  ────────────────────────────────────────────────────────────────────────
2026-03-07 03:04:25,400    📝  VALIDATION SAMPLES   (Roman Sanskrit → Devanagari)
2026-03-07 03:04:25,402    [1] INPUT (Roman)      : baler atulavīryasya siṃhāsanagatasya vai //
2026-03-07 03:04:25,402         REF  (Devanagari)  : बले र् अ तुल वीर्य स्य सिंहा सन गतस्य वै ॥
2026-03-07 03:04:25,402         PRED (Devanagari)  : अ वक्त्र समि समप्रभम् र् सप्त चिन्ता सन वै विवेक वै र्याः वै वार् भिर प्रकर ोप निवर्त स्य स्तस्य ुर्
2026-03-07 03:04:25,402    [2] INPUT (Roman)      : iti stutvā jagannātham uvāca munisattamān /
2026-03-07 03:04:25,402         REF  (Devanagari)  : इति स्तुत्वा जगन्नाथ म् उवाच मुनि सत्त मान् ।
2026-03-07 03:04:25,402         PRED (Devanagari)  : प̍व इति सर्वेषां ऽभिषि तट मुनि मुनि मान् मान् मान् मान् । मान् मान् रूढं धूत या । श्य ो य मान् जगन्न
2026-03-07 03:04:25,402  ────────────────────────────────────────────────────────────────────────
2026-03-07 03:04:27,154     ✅ New best: 0.6951
2026-03-07 03:59:54,337  Ep 07  train=5.2277  val=2.1498  bert=0.7084  lr=5.48e-05
2026-03-07 03:59:56,443  ────────────────────────────────────────────────────────────────────────
2026-03-07 03:59:56,443    📝  VALIDATION SAMPLES   (Roman Sanskrit → Devanagari)
2026-03-07 03:59:56,445    [1] INPUT (Roman)      : baler atulavīryasya siṃhāsanagatasya vai //
2026-03-07 03:59:56,445         REF  (Devanagari)  : बले र् अ तुल वीर्य स्य सिंहा सन गतस्य वै ॥
2026-03-07 03:59:56,445         PRED (Devanagari)  : बले र् अ वीर्य प्रदीप्त वचस् सन सन निःसृ वै वै वै वै लोकम् सन सन सन चिन्ता सिंहा वीर्य वा अला ष्टिम्
2026-03-07 03:59:56,446    [2] INPUT (Roman)      : iti stutvā jagannātham uvāca munisattamān /
2026-03-07 03:59:56,446         REF  (Devanagari)  : इति स्तुत्वा जगन्नाथ म् उवाच मुनि सत्त मान् ।
2026-03-07 03:59:56,446         PRED (Devanagari)  : इति स्तुत्वा जगन्नाथ स्यम् उवाच मुनि मुनि मान् मान् मान् मान् मान् मान् मान् । मुनि मुनि मुनि मुनि ग
2026-03-07 03:59:56,446  ────────────────────────────────────────────────────────────────────────
2026-03-07 03:59:58,206     ✅ New best: 0.7084
2026-03-07 04:55:19,455  Ep 08  train=4.3934  val=1.4054  bert=0.7284  lr=4.97e-05
2026-03-07 04:55:21,506  ────────────────────────────────────────────────────────────────────────
2026-03-07 04:55:21,506    📝  VALIDATION SAMPLES   (Roman Sanskrit → Devanagari)
2026-03-07 04:55:21,508    [1] INPUT (Roman)      : baler atulavīryasya siṃhāsanagatasya vai //
2026-03-07 04:55:21,508         REF  (Devanagari)  : बले र् अ तुल वीर्य स्य सिंहा सन गतस्य वै ॥
2026-03-07 04:55:21,508         PRED (Devanagari)  : बले र् अ तुल वीर्य स्य सिंहा सन सन स̱स् वै वै वै सन सन सन सन सन स्य वीर्य वीर्य तुल अत्यन्त वीर्य मा
2026-03-07 04:55:21,509    [2] INPUT (Roman)      : iti stutvā jagannātham uvāca munisattamān /
2026-03-07 04:55:21,509         REF  (Devanagari)  : इति स्तुत्वा जगन्नाथ म् उवाच मुनि सत्त मान् ।
2026-03-07 04:55:21,509         PRED (Devanagari)  : इति स्तुत्वा जगन्नाथ म् उवाच उवाच मुनि सत्त मान् मान् मान् मान् मान् मान् पवित्रं मुनि मुनि मुनि उवा
2026-03-07 04:55:21,509  ────────────────────────────────────────────────────────────────────────
2026-03-07 04:55:23,416     ✅ New best: 0.7284
2026-03-07 05:50:49,541  Ep 09  train=3.8399  val=1.0398  bert=0.7391  lr=4.42e-05
2026-03-07 05:50:51,583  ────────────────────────────────────────────────────────────────────────
2026-03-07 05:50:51,583    📝  VALIDATION SAMPLES   (Roman Sanskrit → Devanagari)
2026-03-07 05:50:51,585    [1] INPUT (Roman)      : baler atulavīryasya siṃhāsanagatasya vai //
2026-03-07 05:50:51,585         REF  (Devanagari)  : बले र् अ तुल वीर्य स्य सिंहा सन गतस्य वै ॥
2026-03-07 05:50:51,585         PRED (Devanagari)  : बले र् अ तुल वीर्य स्य सिंहा सिंहा सन एवंविध वै वै वै समृद्ध सन सन सिंहा स्य स्य वीर्य वीर्य वीर्य त
2026-03-07 05:50:51,586    [2] INPUT (Roman)      : iti stutvā jagannātham uvāca munisattamān /
2026-03-07 05:50:51,586         REF  (Devanagari)  : इति स्तुत्वा जगन्नाथ म् उवाच मुनि सत्त मान् ।
2026-03-07 05:50:51,586         PRED (Devanagari)  : इति स्तुत्वा जगन्नाथ म् उवाच उवाच मुनि सत्त सत्त मान् मान् मान् मान् त̍ना सत्त सत्त मुनि मुनि उवाच उ
2026-03-07 05:50:51,586  ────────────────────────────────────────────────────────────────────────
2026-03-07 05:50:53,238     ✅ New best: 0.7391
2026-03-07 06:46:14,666  Ep 10  train=3.4825  val=0.8303  bert=0.7444  lr=3.85e-05
2026-03-07 06:46:16,749  ────────────────────────────────────────────────────────────────────────
2026-03-07 06:46:16,749    📝  VALIDATION SAMPLES   (Roman Sanskrit → Devanagari)
2026-03-07 06:46:16,750    [1] INPUT (Roman)      : baler atulavīryasya siṃhāsanagatasya vai //
2026-03-07 06:46:16,750         REF  (Devanagari)  : बले र् अ तुल वीर्य स्य सिंहा सन गतस्य वै ॥
2026-03-07 06:46:16,751         PRED (Devanagari)  : बले र् अ तुल वीर्य स्य सिंहा सिंहा सन सवित ज्ये वै वै वै सन सन सिंहा स्य स्य वीर्य वीर्य वीर्य तुल स
2026-03-07 06:46:16,751    [2] INPUT (Roman)      : iti stutvā jagannātham uvāca munisattamān /
2026-03-07 06:46:16,751         REF  (Devanagari)  : इति स्तुत्वा जगन्नाथ म् उवाच मुनि सत्त मान् ।
2026-03-07 06:46:16,751         PRED (Devanagari)  : इति स्तुत्वा जगन्नाथ म् उवाच उवाच मुनि मुनि सत्त मान् मान् मान् मान् मान् सत्त सत्त मुनि मुनि उवाच उ
2026-03-07 06:46:16,751  ────────────────────────────────────────────────────────────────────────
2026-03-07 06:46:18,423     ✅ New best: 0.7444
2026-03-07 07:41:31,566  Ep 11  train=3.1994  val=0.7465  bert=0.7469  lr=3.27e-05
2026-03-07 07:41:33,648  ────────────────────────────────────────────────────────────────────────
2026-03-07 07:41:33,648    📝  VALIDATION SAMPLES   (Roman Sanskrit → Devanagari)
2026-03-07 07:41:33,649    [1] INPUT (Roman)      : baler atulavīryasya siṃhāsanagatasya vai //
2026-03-07 07:41:33,649         REF  (Devanagari)  : बले र् अ तुल वीर्य स्य सिंहा सन गतस्य वै ॥
2026-03-07 07:41:33,649         PRED (Devanagari)  : बले र् अ तुल वीर्य वीर्य स्य सिंहा सन सन पितो वै वै वै मूर्छितः सन सिंहा स्य स्य वीर्य वीर्य तुल स्य
2026-03-07 07:41:33,650    [2] INPUT (Roman)      : iti stutvā jagannātham uvāca munisattamān /
2026-03-07 07:41:33,650         REF  (Devanagari)  : इति स्तुत्वा जगन्नाथ म् उवाच मुनि सत्त मान् ।
2026-03-07 07:41:33,650         PRED (Devanagari)  : इति स्तुत्वा जगन्नाथ म् उवाच उवाच मुनि मुनि सत्त सत्त मान् मान् मान् । सत्त सत्त मुनि मुनि उवाच उवाच
2026-03-07 07:41:33,650  ────────────────────────────────────────────────────────────────────────
2026-03-07 07:41:35,624     ✅ New best: 0.7469
2026-03-07 09:08:02,020  Ep 12  train=2.9829  val=0.6277  bert=0.7480  lr=2.69e-05
2026-03-07 09:08:04,159  ────────────────────────────────────────────────────────────────────────
2026-03-07 09:08:04,159    📝  VALIDATION SAMPLES   (Roman Sanskrit → Devanagari)
2026-03-07 09:08:04,159    [1] INPUT (Roman)      : baler atulavīryasya siṃhāsanagatasya vai //
2026-03-07 09:08:04,159         REF  (Devanagari)  : बले र् अ तुल वीर्य स्य सिंहा सन गतस्य वै ॥
2026-03-07 09:08:04,159         PRED (Devanagari)  : बले र् अ तुल वीर्य वीर्य स्य सिंहा सिंहा सन द्वीपा वै वै वै अमुम् सन सिंहा सिंहा स्य वीर्य वीर्य वीर
2026-03-07 09:08:04,160    [2] INPUT (Roman)      : iti stutvā jagannātham uvāca munisattamān /
2026-03-07 09:08:04,160         REF  (Devanagari)  : इति स्तुत्वा जगन्नाथ म् उवाच मुनि सत्त मान् ।
2026-03-07 09:08:04,160         PRED (Devanagari)  : इति स्तुत्वा जगन्नाथ म् उवाच उवाच मुनि मुनि मुनि सत्त मान् मान् । मान् सत्त सत्त मुनि मुनि मुनि उवाच
2026-03-07 09:08:04,160  ────────────────────────────────────────────────────────────────────────
2026-03-07 09:08:05,822     ✅ New best: 0.7480
2026-03-07 10:04:06,793  Ep 13  train=2.8096  val=0.6195  bert=0.7485  lr=2.13e-05
2026-03-07 10:04:08,875  ────────────────────────────────────────────────────────────────────────
2026-03-07 10:04:08,875    📝  VALIDATION SAMPLES   (Roman Sanskrit → Devanagari)
2026-03-07 10:04:08,876    [1] INPUT (Roman)      : baler atulavīryasya siṃhāsanagatasya vai //
2026-03-07 10:04:08,876         REF  (Devanagari)  : बले र् अ तुल वीर्य स्य सिंहा सन गतस्य वै ॥
2026-03-07 10:04:08,876         PRED (Devanagari)  : बले र् अ तुल वीर्य वीर्य स्य सिंहा सिंहा सन प्राप वै वै ॥ मग्न सन सिंहा सिंहा स्य वीर्य वीर्य तुल स्
2026-03-07 10:04:08,876    [2] INPUT (Roman)      : iti stutvā jagannātham uvāca munisattamān /
2026-03-07 10:04:08,876         REF  (Devanagari)  : इति स्तुत्वा जगन्नाथ म् उवाच मुनि सत्त मान् ।
2026-03-07 10:04:08,876         PRED (Devanagari)  : इति स्तुत्वा जगन्नाथ म् उवाच उवाच मुनि मुनि मुनि सत्त लि मान् । मान् सत्त सत्त मुनि मुनि मुनि उवाच म
2026-03-07 10:04:08,876  ────────────────────────────────────────────────────────────────────────
2026-03-07 10:04:10,518     ✅ New best: 0.7485
2026-03-07 11:00:57,913  Ep 14  train=2.6722  val=0.5813  bert=0.7489  lr=1.62e-05
2026-03-07 11:01:00,042  ────────────────────────────────────────────────────────────────────────
2026-03-07 11:01:00,043    📝  VALIDATION SAMPLES   (Roman Sanskrit → Devanagari)
2026-03-07 11:01:00,043    [1] INPUT (Roman)      : baler atulavīryasya siṃhāsanagatasya vai //
2026-03-07 11:01:00,043         REF  (Devanagari)  : बले र् अ तुल वीर्य स्य सिंहा सन गतस्य वै ॥
2026-03-07 11:01:00,043         PRED (Devanagari)  : बले र् अ तुल तुल वीर्य स्य सिंहा सिंहा सन ब्रह्मण वै वै आद्य गतस्य सन सिंहा सिंहा स्य वीर्य वीर्य वी
2026-03-07 11:01:00,044    [2] INPUT (Roman)      : iti stutvā jagannātham uvāca munisattamān /
2026-03-07 11:01:00,044         REF  (Devanagari)  : इति स्तुत्वा जगन्नाथ म् उवाच मुनि सत्त मान् ।
2026-03-07 11:01:00,044         PRED (Devanagari)  : इति स्तुत्वा जगन्नाथ म् उवाच उवाच मुनि मुनि मुनि सत्त नमी मान् । मान् मान् सत्त मुनि मुनि मुनि उवाच 
2026-03-07 11:01:00,044  ────────────────────────────────────────────────────────────────────────
2026-03-07 11:01:01,602     ✅ New best: 0.7489
2026-03-07 11:57:28,679  Ep 15  train=2.5589  val=0.5575  bert=0.7516  lr=1.15e-05
2026-03-07 11:57:30,785  ────────────────────────────────────────────────────────────────────────
2026-03-07 11:57:30,786    📝  VALIDATION SAMPLES   (Roman Sanskrit → Devanagari)
2026-03-07 11:57:30,786    [1] INPUT (Roman)      : baler atulavīryasya siṃhāsanagatasya vai //
2026-03-07 11:57:30,787         REF  (Devanagari)  : बले र् अ तुल वीर्य स्य सिंहा सन गतस्य वै ॥
2026-03-07 11:57:30,787         PRED (Devanagari)  : बले र् अ तुल वीर्य वीर्य स्य सिंहा सिंहा सन गतस्य वै वै वै गतस्य सन सिंहा सिंहा स्य वीर्य वीर्य वीर्
2026-03-07 11:57:30,787    [2] INPUT (Roman)      : iti stutvā jagannātham uvāca munisattamān /
2026-03-07 11:57:30,787         REF  (Devanagari)  : इति स्तुत्वा जगन्नाथ म् उवाच मुनि सत्त मान् ।
2026-03-07 11:57:30,787         PRED (Devanagari)  : इति स्तुत्वा जगन्नाथ म् उवाच उवाच नम् मुनि मुनि सत्त मान् मान् । मान् मान् सत्त मुनि मुनि मुनि उवाच 
2026-03-07 11:57:30,787  ────────────────────────────────────────────────────────────────────────
2026-03-07 11:57:32,394     ✅ New best: 0.7516
2026-03-07 12:52:32,718  Ep 16  train=2.4585  val=0.5423  bert=0.7514  lr=7.53e-06
2026-03-07 12:52:34,834  ────────────────────────────────────────────────────────────────────────
2026-03-07 12:52:34,834    📝  VALIDATION SAMPLES   (Roman Sanskrit → Devanagari)
2026-03-07 12:52:34,835    [1] INPUT (Roman)      : baler atulavīryasya siṃhāsanagatasya vai //
2026-03-07 12:52:34,835         REF  (Devanagari)  : बले र् अ तुल वीर्य स्य सिंहा सन गतस्य वै ॥
2026-03-07 12:52:34,835         PRED (Devanagari)  : बले र् अ तुल वीर्य वीर्य स्य सिंहा सिंहा सन गतस्य ्यं वै वै ॥ सन सन सिंहा स्य ृ वीर्य वीर्य वीर्य स्
2026-03-07 12:52:34,835    [2] INPUT (Roman)      : iti stutvā jagannātham uvāca munisattamān /
2026-03-07 12:52:34,835         REF  (Devanagari)  : इति स्तुत्वा जगन्नाथ म् उवाच मुनि सत्त मान् ।
2026-03-07 12:52:34,835         PRED (Devanagari)  : इति स्तुत्वा जगन्नाथ म् उवाच उवाच मुनि मुनि मुनि आप्नोति सत्त मान् । प्रत्यय मान् सत्त दश मुनि मुनि 
2026-03-07 12:52:34,835  ────────────────────────────────────────────────────────────────────────
2026-03-07 12:52:34,835     No improvement 1/4
2026-03-07 14:06:04,880  Ep 17  train=2.3965  val=0.5187  bert=0.7509  lr=4.31e-06
2026-03-07 14:06:07,038  ────────────────────────────────────────────────────────────────────────
2026-03-07 14:06:07,038    📝  VALIDATION SAMPLES   (Roman Sanskrit → Devanagari)
2026-03-07 14:06:07,039    [1] INPUT (Roman)      : baler atulavīryasya siṃhāsanagatasya vai //
2026-03-07 14:06:07,039         REF  (Devanagari)  : बले र् अ तुल वीर्य स्य सिंहा सन गतस्य वै ॥
2026-03-07 14:06:07,039         PRED (Devanagari)  : र् वे अचिन्त तुल वीर्य वीर्य स्य सिंहा सिंहा सन द गतस्य वै वै विधानतः सन सन सिंहा । स्य वीर्य वीर्य 
2026-03-07 14:06:07,039    [2] INPUT (Roman)      : iti stutvā jagannātham uvāca munisattamān /
2026-03-07 14:06:07,039         REF  (Devanagari)  : इति स्तुत्वा जगन्नाथ म् उवाच मुनि सत्त मान् ।
2026-03-07 14:06:07,039         PRED (Devanagari)  : इति स्तुत्वा जगन्नाथ म् उवाच उवाच मुनि मुनि मुनि सत्त मान् मान् । मान् मान् सत्त मुनि मुनि मुनि उवाच
2026-03-07 14:06:07,039  ────────────────────────────────────────────────────────────────────────
2026-03-07 14:06:07,039     No improvement 2/4
2026-03-07 14:59:14,394  Ep 18  train=2.3518  val=0.5084  bert=0.7500  lr=1.94e-06
2026-03-07 14:59:16,452  ────────────────────────────────────────────────────────────────────────
2026-03-07 14:59:16,453    📝  VALIDATION SAMPLES   (Roman Sanskrit → Devanagari)
2026-03-07 14:59:16,454    [1] INPUT (Roman)      : baler atulavīryasya siṃhāsanagatasya vai //
2026-03-07 14:59:16,454         REF  (Devanagari)  : बले र् अ तुल वीर्य स्य सिंहा सन गतस्य वै ॥
2026-03-07 14:59:16,454         PRED (Devanagari)  : बले र् अ तुल वीर्य वीर्य स्य सिंहा सिंहा सन पर्ण शर् वै ॥ गतस्य गतस्य सन सिंहा ऽस्य स्य वीर्य वीर्य 
2026-03-07 14:59:16,455    [2] INPUT (Roman)      : iti stutvā jagannātham uvāca munisattamān /
2026-03-07 14:59:16,455         REF  (Devanagari)  : इति स्तुत्वा जगन्नाथ म् उवाच मुनि सत्त मान् ।
2026-03-07 14:59:16,455         PRED (Devanagari)  : इति स्तुत्वा जगन्नाथ म् उवाच उवाच मुनि मुनि मुनि सत्त मान् मान् । ज्ज्वल मान् ्या मुनि मुनि मुनि उवा
2026-03-07 14:59:16,455  ────────────────────────────────────────────────────────────────────────
2026-03-07 14:59:16,455     No improvement 3/4
2026-03-07 15:50:25,234  Ep 19  train=2.3245  val=0.5154  bert=0.7519  lr=7.00e-07
2026-03-07 15:50:27,330  ────────────────────────────────────────────────────────────────────────
2026-03-07 15:50:27,330    📝  VALIDATION SAMPLES   (Roman Sanskrit → Devanagari)
2026-03-07 15:50:27,331    [1] INPUT (Roman)      : baler atulavīryasya siṃhāsanagatasya vai //
2026-03-07 15:50:27,331         REF  (Devanagari)  : बले र् अ तुल वीर्य स्य सिंहा सन गतस्य वै ॥
2026-03-07 15:50:27,331         PRED (Devanagari)  : बले र् अ तुल वीर्य वीर्य स्य सिंहा सिंहा सन सिंहा वै वै । ॥ गतस्य सन सिंहा स्य म्र वीर्य वीर्य वीर्य
2026-03-07 15:50:27,332    [2] INPUT (Roman)      : iti stutvā jagannātham uvāca munisattamān /
2026-03-07 15:50:27,332         REF  (Devanagari)  : इति स्तुत्वा जगन्नाथ म् उवाच मुनि सत्त मान् ।
2026-03-07 15:50:27,332         PRED (Devanagari)  : इति स्तुत्वा जगन्नाथ म् उवाच उवाच मुनि मुनि मुनि सत्त मान् मान् मान् । मान् सत्त मुनि मुनि मुनि उवाच
2026-03-07 15:50:27,332  ────────────────────────────────────────────────────────────────────────
2026-03-07 15:50:29,054     ✅ New best: 0.7519
2026-03-07 16:44:37,131  Ep 20  train=2.3151  val=0.5131  bert=0.7502  lr=7.00e-07
2026-03-07 16:44:39,308  ────────────────────────────────────────────────────────────────────────
2026-03-07 16:44:39,308    📝  VALIDATION SAMPLES   (Roman Sanskrit → Devanagari)
2026-03-07 16:44:39,309    [1] INPUT (Roman)      : baler atulavīryasya siṃhāsanagatasya vai //
2026-03-07 16:44:39,309         REF  (Devanagari)  : बले र् अ तुल वीर्य स्य सिंहा सन गतस्य वै ॥
2026-03-07 16:44:39,309         PRED (Devanagari)  : बल र् अ तुल वीर्य वीर्य ऽस्य सिंहा सिंहा सन गतस्य शेष वै ॥ गतस्य लक्ष सन सिंहा स्य स्य वीर्य वीर्य व
2026-03-07 16:44:39,309    [2] INPUT (Roman)      : iti stutvā jagannātham uvāca munisattamān /
2026-03-07 16:44:39,309         REF  (Devanagari)  : इति स्तुत्वा जगन्नाथ म् उवाच मुनि सत्त मान् ।
2026-03-07 16:44:39,310         PRED (Devanagari)  : इति स्तुत्वा जगन्नाथ ुम् उवाच उवाच ऽस्य मुनि मुनि सत्त मान् । मान् । मान् सत्त मुनि मुनि मुनि उवाच उ
2026-03-07 16:44:39,310  ────────────────────────────────────────────────────────────────────────
2026-03-07 16:44:39,310     No improvement 1/4
2026-03-07 16:44:39,310  ✅ Training complete.
2026-03-07 16:44:39,310     Best model → results7/d3pm_cross_attention_neg_True/best_model.pt
