🔒 Seed set to 42 (Deterministic mode enabled)
🔥 Training Started
📖 Loading existing Sanskrit tokenizer...
✅ [MASK] token confirmed at ID=0
📥 Loading 'train' split of the dataset...
✅ Dataset loaded successfully! Total samples: 404741
✅ Train: 48000 | Val: 12000
✅ Model params: 37,150,336
🔥 Model type: baseline_encoder_decoder

🔥 EPOCH 1
Collected 500 predictions / 500 references
Sample 1:
  Prediction: बले र् अ तुल वीर्य स्य सिंहा सन गतस्य वै ॥
  Reference : बलेर् अतुलवीर्यस्य सिंहासनगतस्य वै ॥
Sample 2:
  Prediction: इति स्तुत्वा जगन्नाथ म् उवाच मुनि सत्त मान् ।
  Reference : इति स्तुत्वा जगन्नाथम् उवाच मुनिसत्तमान् ।
Sample 3:
  Prediction: तन्त्र ीं च सु दृढ ां कृत्वा जग ौ गे यैर् जगत् पतिम् ।
  Reference : तन्त्रीं च सुदृढां कृत्वा जगौ गेयैर् जगत्पतिम् ।
Sample 4:
  Prediction: प्र । तद् । वो चेद् । अमृ तम् । नु । विद्वान् । गन्धर्व ो । नाम । निह ितम् । गुहा । यत् ।। त्रीणि । पद ानि । नि हिता । गुहा । अस्य । यस् । तानि । वेद । स । पितु ष् । पिता । आ सत् ।।
  Reference : प्र।तद्।वोचेद्।अमृतम्।नु।विद्वान्।गन्धर्वो।नाम।निहितम्।गुहा।यत्।। त्रीणि।पदानि।निहिता।गुहा।अस्य।यस्।तानि।वेद।स।पितुष्।पिता।आसत्।।
Sample 5:
  Prediction: गृ ध ्रा बला ः श्येन कपो त का श् च @
  Reference : गृध्रा बलाः श्येनकपोतकाश् च @
📊 Train: 1.5745 | Val: 0.0815 | BERT F1: 0.8390
🎉 Best model saved.

🔥 EPOCH 2
Collected 500 predictions / 500 references
Sample 1:
  Prediction: बले र् अ तुल वीर्य स्य सिंहा सन गतस्य वै ॥
  Reference : बलेर् अतुलवीर्यस्य सिंहासनगतस्य वै ॥
Sample 2:
  Prediction: इति स्तुत्वा जगन्नाथ म् उवाच मुनि सत्त मान् ।
  Reference : इति स्तुत्वा जगन्नाथम् उवाच मुनिसत्तमान् ।
Sample 3:
  Prediction: तन्त्र ीं च सु दृढ ां कृत्वा जग ौ गे यैर् जगत् पतिम् ।
  Reference : तन्त्रीं च सुदृढां कृत्वा जगौ गेयैर् जगत्पतिम् ।
Sample 4:
  Prediction: प्र । तद् । वो चेद् । अमृ तम् । नु । विद्वान् । गन्धर्व ो । नाम । निह ितम् । गुहा । यत् ।। त्रीणि । पद ानि । नि हिता । गुहा । अस्य । यस् । तानि । वेद । स । पितु ष् । पिता । आ सत् ।।
  Reference : प्र।तद्।वोचेद्।अमृतम्।नु।विद्वान्।गन्धर्वो।नाम।निहितम्।गुहा।यत्।। त्रीणि।पदानि।निहिता।गुहा।अस्य।यस्।तानि।वेद।स।पितुष्।पिता।आसत्।।
Sample 5:
  Prediction: गृ ध ्रा बला ः श्येन कपो त का श् च @
  Reference : गृध्रा बलाः श्येनकपोतकाश् च @
📊 Train: 0.7268 | Val: 0.0359 | BERT F1: 0.8391
🎉 Best model saved.

🔥 EPOCH 3
Collected 500 predictions / 500 references
Sample 1:
  Prediction: बले र् अ तुल वीर्य स्य सिंहा सन गतस्य वै ॥
  Reference : बलेर् अतुलवीर्यस्य सिंहासनगतस्य वै ॥
Sample 2:
  Prediction: इति स्तुत्वा जगन्नाथ म् उवाच मुनि सत्त मान् ।
  Reference : इति स्तुत्वा जगन्नाथम् उवाच मुनिसत्तमान् ।
Sample 3:
  Prediction: तन्त्र ीं च सु दृढ ां कृत्वा जग ौ गे यैर् जगत् पतिम् ।
  Reference : तन्त्रीं च सुदृढां कृत्वा जगौ गेयैर् जगत्पतिम् ।
Sample 4:
  Prediction: प्र । तद् । वो चेद् । अमृ तम् । नु । विद्वान् । गन्धर्व ो । नाम । निह ितम् । गुहा । यत् ।। त्रीणि । पद ानि । नि हिता । गुहा । अस्य । यस् । तानि । वेद । स । पितु ष् । पिता । आ सत् ।।
  Reference : प्र।तद्।वोचेद्।अमृतम्।नु।विद्वान्।गन्धर्वो।नाम।निहितम्।गुहा।यत्।। त्रीणि।पदानि।निहिता।गुहा।अस्य।यस्।तानि।वेद।स।पितुष्।पिता।आसत्।।
Sample 5:
  Prediction: गृ ध ्रा बला ः श्येन कपो त का श् च @
  Reference : गृध्रा बलाः श्येनकपोतकाश् च @
📊 Train: 0.6909 | Val: 0.0617 | BERT F1: 0.8391

🔥 EPOCH 4
Collected 500 predictions / 500 references
Sample 1:
  Prediction: बले र् अ तुल वीर्य स्य सिंहा सन गतस्य वै ॥
  Reference : बलेर् अतुलवीर्यस्य सिंहासनगतस्य वै ॥
Sample 2:
  Prediction: इति स्तुत्वा जगन्नाथ म् उवाच मुनि सत्त मान् ।
  Reference : इति स्तुत्वा जगन्नाथम् उवाच मुनिसत्तमान् ।
Sample 3:
  Prediction: तन्त्र ीं च सु दृढ ां कृत्वा जग ौ गे यैर् जगत् पतिम् ।
  Reference : तन्त्रीं च सुदृढां कृत्वा जगौ गेयैर् जगत्पतिम् ।
Sample 4:
  Prediction: प्र । तद् । वो चेद् । अमृ तम् । नु । विद्वान् । गन्धर्व ो । नाम । निह ितम् । गुहा । यत् ।। त्रीणि । पद ानि । नि हिता । गुहा । अस्य । यस् । तानि । वेद । स । पितु ष् । पिता । आ सत् ।।
  Reference : प्र।तद्।वोचेद्।अमृतम्।नु।विद्वान्।गन्धर्वो।नाम।निहितम्।गुहा।यत्।। त्रीणि।पदानि।निहिता।गुहा।अस्य।यस्।तानि।वेद।स।पितुष्।पिता।आसत्।।
Sample 5:
  Prediction: गृ ध ्रा बला ः श्येन कपो त का श् च @
  Reference : गृध्रा बलाः श्येनकपोतकाश् च @
📊 Train: 0.6911 | Val: 0.0558 | BERT F1: 0.8391

🔥 EPOCH 5
Collected 500 predictions / 500 references
Sample 1:
  Prediction: बले र् अ तुल वीर्य स्य सिंहा सन गतस्य वै ॥
  Reference : बलेर् अतुलवीर्यस्य सिंहासनगतस्य वै ॥
Sample 2:
  Prediction: इति स्तुत्वा जगन्नाथ म् उवाच मुनि सत्त मान् ।
  Reference : इति स्तुत्वा जगन्नाथम् उवाच मुनिसत्तमान् ।
Sample 3:
  Prediction: तन्त्र ीं च सु दृढ ां कृत्वा जग ौ गे यैर् जगत् पतिम् ।
  Reference : तन्त्रीं च सुदृढां कृत्वा जगौ गेयैर् जगत्पतिम् ।
Sample 4:
  Prediction: प्र । तद् । वो चेद् । अमृ तम् । नु । विद्वान् । गन्धर्व ो । नाम । निह ितम् । गुहा । यत् ।। त्रीणि । पद ानि । नि हिता । गुहा । अस्य । यस् । तानि । वेद । स । पितु ष् । पिता । आ सत् ।।
  Reference : प्र।तद्।वोचेद्।अमृतम्।नु।विद्वान्।गन्धर्वो।नाम।निहितम्।गुहा।यत्।। त्रीणि।पदानि।निहिता।गुहा।अस्य।यस्।तानि।वेद।स।पितुष्।पिता।आसत्।।
Sample 5:
  Prediction: गृ ध ्रा बला ः श्येन कपो त का श् च @
  Reference : गृध्रा बलाः श्येनकपोतकाश् च @
📊 Train: 0.6864 | Val: 0.0557 | BERT F1: 0.8391
🛑 Early stopping triggered.
✅ Training Complete
