🔒 Seed set to 42 (Deterministic mode enabled)
🔥 Training Started
📖 Loading existing Sanskrit tokenizer...
✅ [MASK] token confirmed at ID=0
📥 Loading 'train' split of the dataset...
✅ Dataset loaded successfully! Total samples: 404741
✅ Train: 48000 | Val: 12000
✅ Model params: 37,211,776
🔥 Model type: baseline_cross_attention

🔥 EPOCH 1
Collected 500 predictions / 500 references
Sample 1:
  Prediction: जम् भा रे र्ज ृम्भ िताम् भो रुह रुचि रच ये चाप ले ना प्य ली न् ना लं लो ला पि लो ला हर कर विहित ानन्द कुन्द ोत् करे ऽपि । भ्रा जि ष्ण ौ विष्णु कीर्ण े परि मलि नि पुरः पारि जाते ऽप्य जात - प्रीति र्य त्रा लि माला रम ति जिन भृ तः सो ऽ ङ घ्रि पद्मो ऽव ताद् वः ॥
  Reference : जम्भारेर्जृम्भिताम्भोरुहरुचिरचये चापलेनाप्यलीन् नालं लोलापि लोला हरकरविहितानन्दकुन्दोत्करे ऽपि । भ्राजिष्णौ विष्णुकीर्णे परिमलिनि पुरः पारिजाते ऽप्यजात-प्रीतिर्यत्रालिमाला रमति जिनभृतः सो ऽङघ्रिपद्मो ऽवताद् वः ॥
Sample 2:
  Prediction: केश वस्य मति स् तत्र पु र्य र्थे विनि वेश िता निवे शं तत्र सैन्य ानां रोच यन्ति स्म याद वाः ॥
  Reference : केशवस्य मतिस् तत्र पुर्यर्थे विनिवेशिता निवेशं तत्र सैन्यानां रोचयन्ति स्म यादवाः ॥
Sample 3:
  Prediction: स तान् सुपर्ण ो बल वान् कृष्ण तुल्य पराक्रमः । हत्वा युद्ध ेन महता रक्ष ति स्म पुरीं शुभा म्
  Reference : स तान् सुपर्णो बलवान् कृष्णतुल्यपराक्रमः । हत्वा युद्धेन महता रक्षति स्म पुरीं शुभाम्
Sample 4:
  Prediction: प्र । तद् । वो चेद् । अमृ तम् । नु । विद्वान् । गन्धर्व ो । नाम । निह ितम् । गुहा । यत् ।। त्रीणि । पद ानि । नि हिता । गुहा । अस्य । यस् । तानि । वेद । स । पितु ष् । पिता । आ सत् ।।
  Reference : प्र।तद्।वोचेद्।अमृतम्।नु।विद्वान्।गन्धर्वो।नाम।निहितम्।गुहा।यत्।। त्रीणि।पदानि।निहिता।गुहा।अस्य।यस्।तानि।वेद।स।पितुष्।पिता।आसत्।।
Sample 5:
  Prediction: अन्यो न्य व्यति ष क्ता भिः क्रीडा भिर् अभि शोभ ितौ अन्यो न्य किरण ग्र स्तौ चन्द्र सूर्या व् इवा म्ब रे ॥
  Reference : अन्योन्यव्यतिषक्ताभिः क्रीडाभिर् अभिशोभितौ अन्योन्यकिरणग्रस्तौ चन्द्रसूर्याव् इवाम्बरे ॥
📊 Train: 1.5860 | Val: 0.1062 | BERT F1: 0.8460
🎉 Best model saved.

🔥 EPOCH 2
Collected 500 predictions / 500 references
Sample 1:
  Prediction: हु ते चा ग्नौ सकृ च्छु क्र े ज्वाला या नि सृ तः कवि ः । हिरण्य गर्भ स्तं दृष्ट्वा ज्वा लां भित्त्वा विनिर् गतम्
  Reference : हुते चाग्नौ सकृच्छुक्रे ज्वालाया निसृतः कविः । हिरण्यगर्भस्तं दृष्ट्वा ज्वालां भित्त्वा विनिर्गतम्
Sample 2:
  Prediction: इति स्तुत्वा जगन्नाथ म् उवाच मुनि सत्त मान् ।
  Reference : इति स्तुत्वा जगन्नाथम् उवाच मुनिसत्तमान् ।
Sample 3:
  Prediction: तन्त्र ीं च सु दृढ ां कृत्वा जग ौ गे यैर् जगत् पतिम् ।
  Reference : तन्त्रीं च सुदृढां कृत्वा जगौ गेयैर् जगत्पतिम् ।
Sample 4:
  Prediction: प्र । तद् । वो चेद् । अमृ तम् । नु । विद्वान् । गन्धर्व ो । नाम । निह ितम् । गुहा । यत् ।। त्रीणि । पद ानि । नि हिता । गुहा । अस्य । यस् । तानि । वेद । स । पितु ष् । पिता । आ सत् ।।
  Reference : प्र।तद्।वोचेद्।अमृतम्।नु।विद्वान्।गन्धर्वो।नाम।निहितम्।गुहा।यत्।। त्रीणि।पदानि।निहिता।गुहा।अस्य।यस्।तानि।वेद।स।पितुष्।पिता।आसत्।।
Sample 5:
  Prediction: तस्मात् परम मुख्य त्वं वि ष्णा व न्य त्र मुख्य ता । उप लक्षणा च गौ णी च ति स्रः शब्द स्य वृत्त यः
  Reference : तस्मात् परममुख्यत्वं विष्णावन्यत्र मुख्यता । उपलक्षणा च गौणी च तिस्रः शब्दस्य वृत्तयः
📊 Train: 0.7145 | Val: 0.1100 | BERT F1: 0.8421

🔥 EPOCH 3
Collected 500 predictions / 500 references
Sample 1:
  Prediction: तृ प्तो ह्य् आ मि ष भो ज्य ानाम् अभि माना ज् जन र्द नः ।
  Reference : तृप्तो ह्य् आमिषभोज्यानाम् अभिमानाज् जनर्दनः ।
Sample 2:
  Prediction: इति स्तुत्वा जगन्नाथ म् उवाच मुनि सत्त मान् ।
  Reference : इति स्तुत्वा जगन्नाथम् उवाच मुनिसत्तमान् ।
Sample 3:
  Prediction: तन्त्र ीं च सु दृढ ां कृत्वा जग ौ गे यैर् जगत् पतिम् ।
  Reference : तन्त्रीं च सुदृढां कृत्वा जगौ गेयैर् जगत्पतिम् ।
Sample 4:
  Prediction: प्र । तद् । वो चेद् । अमृ तम् । नु । विद्वान् । गन्धर्व ो । नाम । निह ितम् । गुहा । यत् ।। त्रीणि । पद ानि । नि हिता । गुहा । अस्य । यस् । तानि । वेद । स । पितु ष् । पिता । आ सत् ।।
  Reference : प्र।तद्।वोचेद्।अमृतम्।नु।विद्वान्।गन्धर्वो।नाम।निहितम्।गुहा।यत्।। त्रीणि।पदानि।निहिता।गुहा।अस्य।यस्।तानि।वेद।स।पितुष्।पिता।आसत्।।
Sample 5:
  Prediction: गृ ध ्रा बला ः श्येन कपो त का श् च @
  Reference : गृध्रा बलाः श्येनकपोतकाश् च @
📊 Train: 0.7061 | Val: 0.0551 | BERT F1: 0.8428
🎉 Best model saved.

🔥 EPOCH 4
Collected 500 predictions / 500 references
Sample 1:
  Prediction: बले र् अ तुल वीर्य स्य सिंहा सन गतस्य वै ॥
  Reference : बलेर् अतुलवीर्यस्य सिंहासनगतस्य वै ॥
Sample 2:
  Prediction: इति स्तुत्वा जगन्नाथ म् उवाच मुनि सत्त मान् ।
  Reference : इति स्तुत्वा जगन्नाथम् उवाच मुनिसत्तमान् ।
Sample 3:
  Prediction: तन्त्र ीं च सु दृढ ां कृत्वा जग ौ गे यैर् जगत् पतिम् ।
  Reference : तन्त्रीं च सुदृढां कृत्वा जगौ गेयैर् जगत्पतिम् ।
Sample 4:
  Prediction: सि वि णे दि ट् ठ ं दै अं व हु आ आ लिङ्ग ि दु ं कि दो ज् जो आ । उ वह दर मी लि अच्छ ी ग अ णम् मि करे प सा रे इ
  Reference : सिविणे दिट्ठं दैअं वहुआ आलिङ्गिदुं किदोज्जोआ । उवह दरमीलिअच्छी गअणम्मि करे पसारेइ
Sample 5:
  Prediction: चै त्रे मासे चतुर्दश ्या पक्ष योर् उभ योर् अपि । स् नाना र्थं सर्व तीर्थ ानि जग्मु ः कर्तुं च सत् क्रिया म्
  Reference : चैत्रे मासे चतुर्दश्या पक्षयोर् उभयोर् अपि । स्नानार्थं सर्वतीर्थानि जग्मुः कर्तुं च सत्क्रियाम्
📊 Train: 0.6896 | Val: 0.0564 | BERT F1: 0.8443

🔥 EPOCH 5
Collected 500 predictions / 500 references
Sample 1:
  Prediction: बले र् अ तुल वीर्य स्य सिंहा सन गतस्य वै ॥
  Reference : बलेर् अतुलवीर्यस्य सिंहासनगतस्य वै ॥
Sample 2:
  Prediction: सत्त्वं प्रकाश कं विन्द ्या द्र जो विन्द ्यात् प्रवर्त कम् । विनाश कं तमो विन्द ्यात् त्रै गुण ्यं नाम सञ् ज्ञ ितम् ॥
  Reference : सत्त्वं प्रकाशकं विन्द्याद्रजो विन्द्यात् प्रवर्तकम् । विनाशकं तमो विन्द्यात् त्रैगुण्यं नाम सञ्ज्ञितम् ॥
Sample 3:
  Prediction: सुसं धेर् अपि पुत्रौ द्वौ ध्रुव सं धिः प्रस ेन जित् यश स्वी ध्रुव सं धे स् तु भर तो रिपु सूद नः
  Reference : सुसंधेर् अपि पुत्रौ द्वौ ध्रुवसंधिः प्रसेनजित् यशस्वी ध्रुवसंधेस् तु भरतो रिपुसूदनः
Sample 4:
  Prediction: प्र । तद् । वो चेद् । अमृ तम् । नु । विद्वान् । गन्धर्व ो । नाम । निह ितम् । गुहा । यत् ।। त्रीणि । पद ानि । नि हिता । गुहा । अस्य । यस् । तानि । वेद । स । पितु ष् । पिता । आ सत् ।।
  Reference : प्र।तद्।वोचेद्।अमृतम्।नु।विद्वान्।गन्धर्वो।नाम।निहितम्।गुहा।यत्।। त्रीणि।पदानि।निहिता।गुहा।अस्य।यस्।तानि।वेद।स।पितुष्।पिता।आसत्।।
Sample 5:
  Prediction: गृ ध ्रा बला ः श्येन कपो त का श् च @
  Reference : गृध्रा बलाः श्येनकपोतकाश् च @
📊 Train: 0.6867 | Val: 0.0549 | BERT F1: 0.8438
🎉 Best model saved.

🔥 EPOCH 6
Collected 500 predictions / 500 references
Sample 1:
  Prediction: बले र् अ तुल वीर्य स्य सिंहा सन गतस्य वै ॥
  Reference : बलेर् अतुलवीर्यस्य सिंहासनगतस्य वै ॥
Sample 2:
  Prediction: इति स्तुत्वा जगन्नाथ म् उवाच मुनि सत्त मान् ।
  Reference : इति स्तुत्वा जगन्नाथम् उवाच मुनिसत्तमान् ।
Sample 3:
  Prediction: तन्त्र ीं च सु दृढ ां कृत्वा जग ौ गे यैर् जगत् पतिम् ।
  Reference : तन्त्रीं च सुदृढां कृत्वा जगौ गेयैर् जगत्पतिम् ।
Sample 4:
  Prediction: या पुत्रम् ईदृ शं राज्ञः प्र वास यति धार्मि कम् वन वा से महाप्रा ज्ञं सानु क्रो शम् अत न्द्र ितम्
  Reference : या पुत्रम् ईदृशं राज्ञः प्रवासयति धार्मिकम् वन वासे महाप्राज्ञं सानुक्रोशम् अतन्द्रितम्
Sample 5:
  Prediction: य इदं शृणु यान् नित्यं श्राव ये द्वा पि मानवः सो ऽपि सम् पूज ितो देवैर् ब्रह्म लोके महीयते ॥
  Reference : य इदं शृणुयान्नित्यं श्रावयेद्वापि मानवः सो ऽपि सम्पूजितो देवैर् ब्रह्मलोके महीयते ॥
📊 Train: 0.6860 | Val: 0.0540 | BERT F1: 0.8450
🎉 Best model saved.

🔥 EPOCH 7
Collected 500 predictions / 500 references
Sample 1:
  Prediction: बले र् अ तुल वीर्य स्य सिंहा सन गतस्य वै ॥
  Reference : बलेर् अतुलवीर्यस्य सिंहासनगतस्य वै ॥
Sample 2:
  Prediction: युधिष्ठि र उवाच : कथं देवो जग द्धा ता कामेन कलु षी कृतः । कथं च नित्य दा वास एक स्थान ेषु जायते
  Reference : युधिष्ठिर उवाच: कथं देवो जगद्धाता कामेन कलुषीकृतः । कथं च नित्यदा वास एकस्थानेषु जायते
Sample 3:
  Prediction: तन्त्र ीं च सु दृढ ां कृत्वा जग ौ गे यैर् जगत् पतिम् ।
  Reference : तन्त्रीं च सुदृढां कृत्वा जगौ गेयैर् जगत्पतिम् ।
Sample 4:
  Prediction: प्र । तद् । वो चेद् । अमृ तम् । नु । विद्वान् । गन्धर्व ो । नाम । निह ितम् । गुहा । यत् ।। त्रीणि । पद ानि । नि हिता । गुहा । अस्य । यस् । तानि । वेद । स । पितु ष् । पिता । आ सत् ।।
  Reference : प्र।तद्।वोचेद्।अमृतम्।नु।विद्वान्।गन्धर्वो।नाम।निहितम्।गुहा।यत्।। त्रीणि।पदानि।निहिता।गुहा।अस्य।यस्।तानि।वेद।स।पितुष्।पिता।आसत्।।
Sample 5:
  Prediction: तथा " पशु माल भे त " इत्य नेन प्रती तोर् ऽथ ो नाव दान वाक्य ेषु प्रती यते । ततः पुरो वा दा भावेन ानु वा दा संभवा द्य ज त्या लभ ति भ्यां कर्म णी वि धी ये ते । ग्रहण वाक्य ैस्तु देवता विशि ष्टः सोम संस् कारो विधीयते । अव दान वाक्य ैश्च पशु संस् कारः
  Reference : तथा"पशुमालभेत"इत्यनेन प्रतीतोर्ऽथो नावदानवाक्येषु प्रतीयते । ततः पुरोवादाभावेनानुवादासंभवाद्यजत्यालभतिभ्यां कर्मणी विधीयेते । ग्रहणवाक्यैस्तु देवताविशिष्टः सोमसंस्कारो विधीयते । अवदानवाक्यैश्च पशुसंस्कारः
📊 Train: 0.6858 | Val: 0.0540 | BERT F1: 0.8410
🎉 Best model saved.
✅ Training Complete
