🔒 Seed set to 42 (Deterministic mode enabled)
🔥 Training Started
📖 Loading existing Sanskrit tokenizer...
✅ [MASK] token confirmed at ID=0
📥 Loading 'train' split of the dataset...
✅ Dataset loaded successfully! Total samples: 404741
✅ Train: 48000 | Val: 12000
✅ Model params: 37,150,336
🔥 Model type: baseline_encoder_decoder

🔥 EPOCH 1
Collected 500 predictions / 500 references
Sample 1:
  Prediction: जम् भा रे र्ज ृम्भ िताम् भो रुह रुचि रच ये चाप ले ना प्य ली न् ना लं लो ला पि लो ला हर कर विहित ानन्द कुन्द ोत् करे ऽपि । भ्रा जि ष्ण ौ विष्णु कीर्ण े परि मलि नि पुरः पारि जाते ऽप्य जात - प्रीति र्य त्रा लि माला रम ति जिन भृ तः सो ऽ ङ घ्रि पद्मो ऽव ताद् वः ॥
  Reference : जम्भारेर्जृम्भिताम्भोरुहरुचिरचये चापलेनाप्यलीन् नालं लोलापि लोला हरकरविहितानन्दकुन्दोत्करे ऽपि । भ्राजिष्णौ विष्णुकीर्णे परिमलिनि पुरः पारिजाते ऽप्यजात-प्रीतिर्यत्रालिमाला रमति जिनभृतः सो ऽङघ्रिपद्मो ऽवताद् वः ॥
Sample 2:
  Prediction: केश वस्य मति स् तत्र पु र्य र्थे विनि वेश िता निवे शं तत्र सैन्य ानां रोच यन्ति स्म याद वाः ॥
  Reference : केशवस्य मतिस् तत्र पुर्यर्थे विनिवेशिता निवेशं तत्र सैन्यानां रोचयन्ति स्म यादवाः ॥
Sample 3:
  Prediction: स तान् सुपर्ण ो बल वान् कृष्ण तुल्य पराक्रमः । हत्वा युद्ध ेन महता रक्ष ति स्म पुरीं शुभा म्
  Reference : स तान् सुपर्णो बलवान् कृष्णतुल्यपराक्रमः । हत्वा युद्धेन महता रक्षति स्म पुरीं शुभाम्
Sample 4:
  Prediction: प्र । तद् । वो चेद् । अमृ तम् । नु । विद्वान् । गन्धर्व ो । नाम । निह ितम् । गुहा । यत् ।। त्रीणि । पद ानि । नि हिता । गुहा । अस्य । यस् । तानि । वेद । स । पितु ष् । पिता । आ सत् ।।
  Reference : प्र।तद्।वोचेद्।अमृतम्।नु।विद्वान्।गन्धर्वो।नाम।निहितम्।गुहा।यत्।। त्रीणि।पदानि।निहिता।गुहा।अस्य।यस्।तानि।वेद।स।पितुष्।पिता।आसत्।।
Sample 5:
  Prediction: अन्यो न्य व्यति ष क्ता भिः क्रीडा भिर् अभि शोभ ितौ अन्यो न्य किरण ग्र स्तौ चन्द्र सूर्या व् इवा म्ब रे ॥
  Reference : अन्योन्यव्यतिषक्ताभिः क्रीडाभिर् अभिशोभितौ अन्योन्यकिरणग्रस्तौ चन्द्रसूर्याव् इवाम्बरे ॥
📊 Train: 1.6176 | Val: 0.0172 | BERT F1: 0.8460
🎉 Best model saved.

🔥 EPOCH 2
Collected 500 predictions / 500 references
Sample 1:
  Prediction: बले र् अ तुल वीर्य स्य सिंहा सन गतस्य वै ॥
  Reference : बलेर् अतुलवीर्यस्य सिंहासनगतस्य वै ॥
Sample 2:
  Prediction: इति स्तुत्वा जगन्नाथ म् उवाच मुनि सत्त मान् ।
  Reference : इति स्तुत्वा जगन्नाथम् उवाच मुनिसत्तमान् ।
Sample 3:
  Prediction: तस्मात् परम मुख्य त्वं वि ष्णा व न्य त्र मुख्य ता । उप लक्षणा च गौ णी च ति स्रः शब्द स्य वृत्त यः
  Reference : तस्मात् परममुख्यत्वं विष्णावन्यत्र मुख्यता । उपलक्षणा च गौणी च तिस्रः शब्दस्य वृत्तयः
Sample 4:
  Prediction: प्र । तद् । वो चेद् । अमृ तम् । नु । विद्वान् । गन्धर्व ो । नाम । निह ितम् । गुहा । यत् ।। त्रीणि । पद ानि । नि हिता । गुहा । अस्य । यस् । तानि । वेद । स । पितु ष् । पिता । आ सत् ।।
  Reference : प्र।तद्।वोचेद्।अमृतम्।नु।विद्वान्।गन्धर्वो।नाम।निहितम्।गुहा।यत्।। त्रीणि।पदानि।निहिता।गुहा।अस्य।यस्।तानि।वेद।स।पितुष्।पिता।आसत्।।
Sample 5:
  Prediction: गृ ध ्रा बला ः श्येन कपो त का श् च @
  Reference : गृध्रा बलाः श्येनकपोतकाश् च @
📊 Train: 0.7137 | Val: 0.0534 | BERT F1: 0.8410

🔥 EPOCH 3
Collected 500 predictions / 500 references
Sample 1:
  Prediction: बले र् अ तुल वीर्य स्य सिंहा सन गतस्य वै ॥
  Reference : बलेर् अतुलवीर्यस्य सिंहासनगतस्य वै ॥
Sample 2:
  Prediction: इति स्तुत्वा जगन्नाथ म् उवाच मुनि सत्त मान् ।
  Reference : इति स्तुत्वा जगन्नाथम् उवाच मुनिसत्तमान् ।
Sample 3:
  Prediction: तन्त्र ीं च सु दृढ ां कृत्वा जग ौ गे यैर् जगत् पतिम् ।
  Reference : तन्त्रीं च सुदृढां कृत्वा जगौ गेयैर् जगत्पतिम् ।
Sample 4:
  Prediction: क् लो म् नस् ते हृदय ्या भ्यो ह ली क्ष् णात् पार् श्वा भ्याम् । यक्ष् मं म तस् ना भ्यां प् ली ह् नो य क् नस् ते वि वृ हा मसि ॥
  Reference : क्लोम्नस् ते हृदय्याभ्यो हलीक्ष्णात् पार्श्वाभ्याम् । यक्ष्मं मतस्नाभ्यां प्लीह्नो यक्नस् ते वि वृहामसि ॥
Sample 5:
  Prediction: गृ ध ्रा बला ः श्येन कपो त का श् च @
  Reference : गृध्रा बलाः श्येनकपोतकाश् च @
📊 Train: 0.6987 | Val: 0.0588 | BERT F1: 0.8412

🔥 EPOCH 4
Collected 500 predictions / 500 references
Sample 1:
  Prediction: बले र् अ तुल वीर्य स्य सिंहा सन गतस्य वै ॥
  Reference : बलेर् अतुलवीर्यस्य सिंहासनगतस्य वै ॥
Sample 2:
  Prediction: सि वि णे दि ट् ठ ं दै अं व हु आ आ लिङ्ग ि दु ं कि दो ज् जो आ । उ वह दर मी लि अच्छ ी ग अ णम् मि करे प सा रे इ
  Reference : सिविणे दिट्ठं दैअं वहुआ आलिङ्गिदुं किदोज्जोआ । उवह दरमीलिअच्छी गअणम्मि करे पसारेइ
Sample 3:
  Prediction: चै त्रे मासे चतुर्दश ्या पक्ष योर् उभ योर् अपि । स् नाना र्थं सर्व तीर्थ ानि जग्मु ः कर्तुं च सत् क्रिया म्
  Reference : चैत्रे मासे चतुर्दश्या पक्षयोर् उभयोर् अपि । स्नानार्थं सर्वतीर्थानि जग्मुः कर्तुं च सत्क्रियाम्
Sample 4:
  Prediction: प्र । तद् । वो चेद् । अमृ तम् । नु । विद्वान् । गन्धर्व ो । नाम । निह ितम् । गुहा । यत् ।। त्रीणि । पद ानि । नि हिता । गुहा । अस्य । यस् । तानि । वेद । स । पितु ष् । पिता । आ सत् ।।
  Reference : प्र।तद्।वोचेद्।अमृतम्।नु।विद्वान्।गन्धर्वो।नाम।निहितम्।गुहा।यत्।। त्रीणि।पदानि।निहिता।गुहा।अस्य।यस्।तानि।वेद।स।पितुष्।पिता।आसत्।।
Sample 5:
  Prediction: गृ ध ्रा बला ः श्येन कपो त का श् च @
  Reference : गृध्रा बलाः श्येनकपोतकाश् च @
📊 Train: 0.6880 | Val: 0.0589 | BERT F1: 0.8445
🛑 Early stopping triggered.
✅ Training Complete
