🔒 Seed set to 42 (Deterministic mode enabled)
🔥 Training Started
📖 Loading existing Sanskrit tokenizer...
✅ [MASK] token confirmed at ID=0
📥 Loading 'train' split of the dataset...
✅ Dataset loaded successfully! Total samples: 404741
✅ Train: 48000 | Val: 12000
✅ Model params: 54,389,120
🔥 Model type: d3pm_cross_attention

🔥 EPOCH 1
Collected 500 predictions / 500 references
Sample 1:
  Prediction: अ अ अ अ अ अ अ अ अ ॥ ॥
  Reference : बलेर् अतुलवीर्यस्य सिंहासनगतस्य वै ॥
Sample 2:
  Prediction: इति स्तुत्वा जगन्नाथ म् उवाच मुनि सत्त मान् ।
  Reference : इति स्तुत्वा जगन्नाथम् उवाच मुनिसत्तमान् ।
Sample 3:
  Prediction: तन्त्र ीं च सु दृढ ां कृत्वा जग ौ गे यैर् जगत् पतिम् ।
  Reference : तन्त्रीं च सुदृढां कृत्वा जगौ गेयैर् जगत्पतिम् ।
Sample 4:
  Prediction: प्र । तद् । वो चेद् । अमृ तम् । नु । विद्वान् । गन्धर्व ो । नाम । निह ितम् । गुहा । यत् ।। त्रीणि । पद ानि । नि हिता । गुहा । अस्य । यस् । तानि । वेद । स । पितु अभ्र । पिता । आ सत् ।।
  Reference : प्र।तद्।वोचेद्।अमृतम्।नु।विद्वान्।गन्धर्वो।नाम।निहितम्।गुहा।यत्।। त्रीणि।पदानि।निहिता।गुहा।अस्य।यस्।तानि।वेद।स।पितुष्।पिता।आसत्।।
Sample 5:
  Prediction: गृ ध ्रा बला ः श्येन कपो त का श् च @
  Reference : गृध्रा बलाः श्येनकपोतकाश् च @
📊 Train: 4.1905 | Val: 1.1164 | BERT F1: 0.7093
🎉 Best model saved.

🔥 EPOCH 2
Collected 500 predictions / 500 references
Sample 1:
  Prediction: बले र् अ तुल वीर्य स्य सिंहा सन गतस्य वै ॥
  Reference : बलेर् अतुलवीर्यस्य सिंहासनगतस्य वै ॥
Sample 2:
  Prediction: म् म् म् म् म् म् म् म् म् म् म्
  Reference : इति स्तुत्वा जगन्नाथम् उवाच मुनिसत्तमान् ।
Sample 3:
  Prediction: तन्त्र ीं च सु दृढ ां कृत्वा जग ौ गे यैर् जगत् पतिम् ।
  Reference : तन्त्रीं च सुदृढां कृत्वा जगौ गेयैर् जगत्पतिम् ।
Sample 4:
  Prediction: । । । । । । । । । । । । । । । । । । । । । । । । । । । । । । । । । । । । । । । । ।
  Reference : प्र।तद्।वोचेद्।अमृतम्।नु।विद्वान्।गन्धर्वो।नाम।निहितम्।गुहा।यत्।। त्रीणि।पदानि।निहिता।गुहा।अस्य।यस्।तानि।वेद।स।पितुष्।पिता।आसत्।।
Sample 5:
  Prediction: श् श् श् श् श् श् श् श् श् श्
  Reference : गृध्रा बलाः श्येनकपोतकाश् च @
📊 Train: 1.5799 | Val: 0.8272 | BERT F1: 0.7311
🎉 Best model saved.

🔥 EPOCH 3
Collected 500 predictions / 500 references
Sample 1:
  Prediction: बले र् अ तुल वीर्य स्य सिंहा सन गतस्य वै ॥
  Reference : बलेर् अतुलवीर्यस्य सिंहासनगतस्य वै ॥
Sample 2:
  Prediction: म् म् म् म् म् म् म् म् म् म्
  Reference : इति स्तुत्वा जगन्नाथम् उवाच मुनिसत्तमान् ।
Sample 3:
  Prediction: च च च च च च च म् । । । म् च
  Reference : तन्त्रीं च सुदृढां कृत्वा जगौ गेयैर् जगत्पतिम् ।
Sample 4:
  Prediction: । । । । । । । । । । । । । । । । । । । । । । । । । । । । । । । । । । । । । । । । । । । । । ।
  Reference : प्र।तद्।वोचेद्।अमृतम्।नु।विद्वान्।गन्धर्वो।नाम।निहितम्।गुहा।यत्।। त्रीणि।पदानि।निहिता।गुहा।अस्य।यस्।तानि।वेद।स।पितुष्।पिता।आसत्।।
Sample 5:
  Prediction: गृ ध ्रा बला ः श्येन कपो त का श् च @
  Reference : गृध्रा बलाः श्येनकपोतकाश् च @
📊 Train: 1.4136 | Val: 0.8064 | BERT F1: 0.7162
🎉 Best model saved.

🔥 EPOCH 4
Collected 500 predictions / 500 references
Sample 1:
  Prediction: बले र् अ तुल वीर्य स्य सिंहा सन गतस्य वै ॥
  Reference : बलेर् अतुलवीर्यस्य सिंहासनगतस्य वै ॥
Sample 2:
  Prediction: म् म् म् म् म् म् म् म् म् ।
  Reference : इति स्तुत्वा जगन्नाथम् उवाच मुनिसत्तमान् ।
Sample 3:
  Prediction: म् म् म् म् म् म् म् । । । । । । ।
  Reference : तन्त्रीं च सुदृढां कृत्वा जगौ गेयैर् जगत्पतिम् ।
Sample 4:
  Prediction: प्र । तद् । वो चेद् । अमृ तम् । नु । विद्वान् । गन्धर्व ो । नाम । निह ितम् । गुहा । यत् ।। त्रीणि । पद ानि । नि हिता । गुहा । अस्य । यस् । तानि । वेद । स । पितु ष् । पिता । आ सत् ।।
  Reference : प्र।तद्।वोचेद्।अमृतम्।नु।विद्वान्।गन्धर्वो।नाम।निहितम्।गुहा।यत्।। त्रीणि।पदानि।निहिता।गुहा।अस्य।यस्।तानि।वेद।स।पितुष्।पिता।आसत्।।
Sample 5:
  Prediction: गृ ध ्रा बला ः श्येन कपो त का श् च @
  Reference : गृध्रा बलाः श्येनकपोतकाश् च @
📊 Train: 1.3214 | Val: 0.7817 | BERT F1: 0.7286
🎉 Best model saved.

🔥 EPOCH 5
Collected 500 predictions / 500 references
Sample 1:
  Prediction: अ अ अ अ अ च । । । । ॥
  Reference : बलेर् अतुलवीर्यस्य सिंहासनगतस्य वै ॥
Sample 2:
  Prediction: इति स्तुत्वा जगन्नाथ म् उवाच मुनि सत्त मान् ।
  Reference : इति स्तुत्वा जगन्नाथम् उवाच मुनिसत्तमान् ।
Sample 3:
  Prediction: अ च च च च च च । । । । । । ।
  Reference : तन्त्रीं च सुदृढां कृत्वा जगौ गेयैर् जगत्पतिम् ।
Sample 4:
  Prediction: । । । । । । । । । । । । । । । । । । । । । । । । । । । । । । । । । । । । । । । । । । । । । । । । । । । । । । ।
  Reference : प्र।तद्।वोचेद्।अमृतम्।नु।विद्वान्।गन्धर्वो।नाम।निहितम्।गुहा।यत्।। त्रीणि।पदानि।निहिता।गुहा।अस्य।यस्।तानि।वेद।स।पितुष्।पिता।आसत्।।
Sample 5:
  Prediction: गृ ध ्रा बला ः श्येन कपो त का श् च @
  Reference : गृध्रा बलाः श्येनकपोतकाश् च @
📊 Train: 1.2433 | Val: 0.7772 | BERT F1: 0.7223
🎉 Best model saved.

🔥 EPOCH 6
Collected 500 predictions / 500 references
Sample 1:
  Prediction: अ च च च च च । । । । ॥
  Reference : बलेर् अतुलवीर्यस्य सिंहासनगतस्य वै ॥
Sample 2:
  Prediction: स च च च च स स । । ।
  Reference : इति स्तुत्वा जगन्नाथम् उवाच मुनिसत्तमान् ।
Sample 3:
  Prediction: तन्त्र ीं च सु दृढ ां कृत्वा जग ौ गे यैर् जगत् पतिम् ।
  Reference : तन्त्रीं च सुदृढां कृत्वा जगौ गेयैर् जगत्पतिम् ।
Sample 4:
  Prediction: प्र । तद् । वो चेद् । अमृ तम् । नु । विद्वान् । गन्धर्व ो । नाम । निह ितम् । गुहा । यत् ।। त्रीणि । पद ानि । नि हिता । गुहा । अस्य । यस् । तानि । वेद । स । पितु ष् । पिता । आ सत् ।।
  Reference : प्र।तद्।वोचेद्।अमृतम्।नु।विद्वान्।गन्धर्वो।नाम।निहितम्।गुहा।यत्।। त्रीणि।पदानि।निहिता।गुहा।अस्य।यस्।तानि।वेद।स।पितुष्।पिता।आसत्।।
Sample 5:
  Prediction: स च च च च च च च च । ।
  Reference : गृध्रा बलाः श्येनकपोतकाश् च @
📊 Train: 1.1728 | Val: 0.7417 | BERT F1: 0.7305
🎉 Best model saved.

🔥 EPOCH 7
Collected 500 predictions / 500 references
Sample 1:
  Prediction: अ अ अ अ च अ अ अ । । ॥
  Reference : बलेर् अतुलवीर्यस्य सिंहासनगतस्य वै ॥
Sample 2:
  Prediction: इति स्तुत्वा जगन्नाथ म् उवाच मुनि सत्त मान् ।
  Reference : इति स्तुत्वा जगन्नाथम् उवाच मुनिसत्तमान् ।
Sample 3:
  Prediction: अ च च च च च च । । । । । । ।
  Reference : तन्त्रीं च सुदृढां कृत्वा जगौ गेयैर् जगत्पतिम् ।
Sample 4:
  Prediction: प्र । तद् । वो चेद् । अमृ तम् । नु । विद्वान् । गन्धर्व ो । नाम । निह ितम् । गुहा । यत् ।। त्रीणि । पद ानि । नि हिता । गुहा । अस्य । यस् । तानि । वेद । स । पितु ष् । पिता । आ सत् ।।
  Reference : प्र।तद्।वोचेद्।अमृतम्।नु।विद्वान्।गन्धर्वो।नाम।निहितम्।गुहा।यत्।। त्रीणि।पदानि।निहिता।गुहा।अस्य।यस्।तानि।वेद।स।पितुष्।पिता।आसत्।।
Sample 5:
  Prediction: स च च च च च च च च च ।
  Reference : गृध्रा बलाः श्येनकपोतकाश् च @
📊 Train: 1.1248 | Val: 0.7352 | BERT F1: 0.7311
🎉 Best model saved.
✅ Training Complete
