📖 Loading existing Sanskrit tokenizer...
✅ [MASK] token confirmed at ID=0

📝 Model: d3pm_encoder_decoder
Type 'quit' to exit.

> Beam Reverse step 11/12
Beam Reverse step 10/12
Beam Reverse step 9/12
Beam Reverse step 8/12
Beam Reverse step 7/12
Beam Reverse step 6/12
Beam Reverse step 5/12
Beam Reverse step 4/12
Beam Reverse step 3/12
Beam Reverse step 2/12
Beam Reverse step 1/12
Beam Reverse step 0/12
✅ Output: प्र न ष्टे गन्ध तन्त्र मात्रे भवत्य् ुर् वी जला त् मिका आप तदा तदा प्रवृत्त ा तु तु वत् वत् महा स्व नाः
> Beam Reverse step 11/12
Beam Reverse step 10/12
Beam Reverse step 9/12
Beam Reverse step 8/12
Beam Reverse step 7/12
Beam Reverse step 6/12
Beam Reverse step 5/12
Beam Reverse step 4/12
Beam Reverse step 3/12
Beam Reverse step 2/12
Beam Reverse step 1/12
Beam Reverse step 0/12
✅ Output: यः शून्य तां प्रजा ईदृ ईदृ शं रूप लक्षणम् । न चा सौ मार भिर् भिर् भूयः शक्य परा जि
> Beam Reverse step 11/12
Beam Reverse step 10/12
Beam Reverse step 9/12
Beam Reverse step 8/12
Beam Reverse step 7/12
Beam Reverse step 6/12
Beam Reverse step 5/12
Beam Reverse step 4/12
Beam Reverse step 3/12
Beam Reverse step 2/12
Beam Reverse step 1/12
Beam Reverse step 0/12
✅ Output: अचिन्ति
> 
💾 Saved to results/inference_d3pm_encoder_decoder.json
